2025-05-13 11:29:09,052 - Initialization successful.
2025-05-13 11:29:09,053 - Camera now open.
2025-05-13 11:29:09,069 - Camera configuration has been adjusted!
2025-05-13 11:29:09,075 - Configuration successful!
2025-05-13 11:29:09,704 - Camera started
2025-05-13 11:29:14,256 - Mean intensity (dark_value): 59.97353812318197
2025-05-13 11:29:21,576 - Measurement Type: BRDF

Light Source - Azimuthal Step: 100.0° (2 positions)
Light Source - Radial Step: 100.0° (2 positions)
Detector - Azimuthal Step: 100.0° (2 positions)
Detector - Radial Step: 100.0° (2 positions)

2025-05-13 11:29:24,726 - Arduino response: Detector motor controller (absolute mode) ready.
2025-05-13 11:29:24,726 - Command: Go to light radial 8°
2025-05-13 11:29:24,783 - Arduino response: Position reset to 8 degrees on both axes.
2025-05-13 11:29:26,785 - Command: Go to light azimuthal 8°
2025-05-13 11:29:26,787 - Arduino response: OK
2025-05-13 11:29:28,789 - Command: Go to detector azimuthal 8°
2025-05-13 11:29:28,791 - Arduino response: Unknown command.
2025-05-13 11:29:30,793 - Skipping blocked configuration at LS(8, 8) ≈ DET(8, 8)

2025-05-13 11:29:30,794 - Command: Go to detector radial 108°
2025-05-13 11:29:30,795 - Arduino response: Unknown command.
2025-05-13 11:29:33,882 - Dominant channel: G
2025-05-13 11:29:33,948 - Top 5% mean: 60.67, median: 60.50
2025-05-13 11:29:33,955 - Too dark → Increasing exposure by 100 µs
2025-05-13 11:29:33,956 - Adjusting exposure: 43 → 143
2025-05-13 11:29:34,997 - Dominant channel: G
2025-05-13 11:29:35,042 - Top 5% mean: 61.10, median: 61.00
2025-05-13 11:29:35,077 - Too dark → Increasing exposure by 100 µs
2025-05-13 11:29:35,078 - Adjusting exposure: 132 → 232
2025-05-13 11:29:36,124 - Dominant channel: G
2025-05-13 11:29:36,178 - Top 5% mean: 61.64, median: 61.50
2025-05-13 11:29:36,188 - Too dark → Increasing exposure by 100 µs
2025-05-13 11:29:36,189 - Adjusting exposure: 221 → 321
2025-05-13 11:29:37,218 - Dominant channel: G
2025-05-13 11:29:37,266 - Top 5% mean: 62.08, median: 62.00
2025-05-13 11:29:37,295 - Too dark → Increasing exposure by 100 µs
2025-05-13 11:29:37,296 - Adjusting exposure: 310 → 410
2025-05-13 11:29:38,326 - Dominant channel: G
2025-05-13 11:29:38,369 - Top 5% mean: 62.60, median: 62.50
2025-05-13 11:29:38,406 - Too dark → Increasing exposure by 100 µs
2025-05-13 11:29:38,407 - Adjusting exposure: 399 → 499
2025-05-13 11:29:39,498 - Dominant channel: G
2025-05-13 11:29:39,564 - Top 5% mean: 63.11, median: 63.00
2025-05-13 11:29:39,572 - Too dark → Increasing exposure by 100 µs
2025-05-13 11:29:39,573 - Adjusting exposure: 488 → 588
2025-05-13 11:29:40,628 - Dominant channel: G
2025-05-13 11:29:40,673 - Top 5% mean: 63.61, median: 63.50
2025-05-13 11:29:40,692 - Too dark → Increasing exposure by 100 µs
2025-05-13 11:29:40,693 - Adjusting exposure: 577 → 677
2025-05-13 11:29:41,724 - Dominant channel: G
2025-05-13 11:29:41,773 - Top 5% mean: 64.12, median: 64.00
2025-05-13 11:29:41,801 - Too dark → Increasing exposure by 100 µs
2025-05-13 11:29:41,801 - Adjusting exposure: 666 → 766
2025-05-13 11:29:42,832 - Dominant channel: G
2025-05-13 11:29:42,877 - Top 5% mean: 64.61, median: 64.50
2025-05-13 11:29:42,912 - Too dark → Increasing exposure by 100 µs
2025-05-13 11:29:42,913 - Adjusting exposure: 755 → 855
2025-05-13 11:29:43,958 - Dominant channel: G
2025-05-13 11:29:44,003 - Top 5% mean: 65.12, median: 65.00
2025-05-13 11:29:44,023 - Too dark → Increasing exposure by 100 µs
2025-05-13 11:29:44,024 - Adjusting exposure: 843 → 943
2025-05-13 11:29:45,029 - Exposure tuning failed, skipping this position.

2025-05-13 11:29:45,030 - Command: Go to detector azimuthal 108°
2025-05-13 11:29:45,033 - Arduino response: Moved AZ to 8.00 degrees.
2025-05-13 11:29:47,035 - Command: Go to detector radial 8°
2025-05-13 11:29:47,035 - Arduino response: OK
2025-05-13 11:29:50,076 - Dominant channel: G
2025-05-13 11:29:50,143 - Top 5% mean: 65.62, median: 65.50
2025-05-13 11:29:50,154 - Too dark → Increasing exposure by 100 µs
2025-05-13 11:29:50,155 - Adjusting exposure: 932 → 1032
2025-05-13 11:29:51,212 - Dominant channel: G
2025-05-13 11:29:51,263 - Top 5% mean: 66.12, median: 66.00
2025-05-13 11:29:51,276 - Too dark → Increasing exposure by 100 µs
2025-05-13 11:29:51,277 - Adjusting exposure: 1021 → 1121
2025-05-13 11:29:52,322 - Dominant channel: G
2025-05-13 11:29:52,369 - Top 5% mean: 66.63, median: 66.50
2025-05-13 11:29:52,401 - Too dark → Increasing exposure by 102 µs
2025-05-13 11:29:52,402 - Adjusting exposure: 1110 → 1212
2025-05-13 11:29:53,432 - Dominant channel: G
2025-05-13 11:29:53,477 - Top 5% mean: 67.12, median: 67.00
2025-05-13 11:29:53,511 - Too dark → Increasing exposure by 110 µs
2025-05-13 11:29:53,512 - Adjusting exposure: 1199 → 1309
2025-05-13 11:29:54,558 - Dominant channel: G
2025-05-13 11:29:54,606 - Top 5% mean: 67.63, median: 67.50
2025-05-13 11:29:54,637 - Too dark → Increasing exposure by 120 µs
2025-05-13 11:29:54,637 - Adjusting exposure: 1303 → 1423
2025-05-13 11:29:55,709 - Dominant channel: G
2025-05-13 11:29:55,776 - Top 5% mean: 68.26, median: 68.00
2025-05-13 11:29:55,813 - Too dark → Increasing exposure by 130 µs
2025-05-13 11:29:55,814 - Adjusting exposure: 1421 → 1551
2025-05-13 11:29:56,844 - Dominant channel: G
2025-05-13 11:29:56,892 - Top 5% mean: 68.88, median: 69.00
2025-05-13 11:29:56,908 - Too dark → Increasing exposure by 141 µs
2025-05-13 11:29:56,909 - Adjusting exposure: 1540 → 1681
2025-05-13 11:29:57,954 - Dominant channel: G
2025-05-13 11:29:57,997 - Top 5% mean: 69.63, median: 69.50
2025-05-13 11:29:58,033 - Too dark → Increasing exposure by 153 µs
2025-05-13 11:29:58,034 - Adjusting exposure: 1673 → 1826
2025-05-13 11:29:59,082 - Dominant channel: G
2025-05-13 11:29:59,128 - Top 5% mean: 70.54, median: 70.50
2025-05-13 11:29:59,144 - Too dark → Increasing exposure by 167 µs
2025-05-13 11:29:59,145 - Adjusting exposure: 1821 → 1988
2025-05-13 11:30:00,174 - Dominant channel: G
2025-05-13 11:30:00,219 - Top 5% mean: 71.32, median: 71.50
2025-05-13 11:30:00,252 - Too dark → Increasing exposure by 182 µs
2025-05-13 11:30:00,253 - Adjusting exposure: 1984 → 2166
2025-05-13 11:30:01,260 - Exposure tuning failed, skipping this position.

2025-05-13 11:30:01,260 - Command: Go to detector radial 108°
2025-05-13 11:30:01,265 - Arduino response: Moved RAD to 108.00 degrees.
2025-05-13 11:30:04,315 - Dominant channel: G
2025-05-13 11:30:04,364 - Top 5% mean: 72.41, median: 72.50
2025-05-13 11:30:04,376 - Too dark → Increasing exposure by 198 µs
2025-05-13 11:30:04,376 - Adjusting exposure: 2162 → 2360
2025-05-13 11:30:05,424 - Dominant channel: G
2025-05-13 11:30:05,474 - Top 5% mean: 73.38, median: 73.50
2025-05-13 11:30:05,503 - Too dark → Increasing exposure by 215 µs
2025-05-13 11:30:05,504 - Adjusting exposure: 2355 → 2570
2025-05-13 11:30:06,594 - Dominant channel: G
2025-05-13 11:30:06,681 - Top 5% mean: 74.65, median: 74.50
2025-05-13 11:30:06,712 - Too dark → Increasing exposure by 234 µs
2025-05-13 11:30:06,713 - Adjusting exposure: 2562 → 2796
2025-05-13 11:30:07,759 - Dominant channel: G
2025-05-13 11:30:07,807 - Top 5% mean: 75.82, median: 75.50
2025-05-13 11:30:07,837 - Too dark → Increasing exposure by 254 µs
2025-05-13 11:30:07,838 - Adjusting exposure: 2784 → 3038
2025-05-13 11:30:08,886 - Dominant channel: G
2025-05-13 11:30:08,933 - Top 5% mean: 76.98, median: 77.00
2025-05-13 11:30:08,949 - Too dark → Increasing exposure by 276 µs
2025-05-13 11:30:08,950 - Adjusting exposure: 3036 → 3312
2025-05-13 11:30:09,981 - Dominant channel: G
2025-05-13 11:30:10,033 - Top 5% mean: 78.56, median: 78.50
2025-05-13 11:30:10,047 - Too dark → Increasing exposure by 300 µs
2025-05-13 11:30:10,047 - Adjusting exposure: 3303 → 3603
2025-05-13 11:30:11,106 - Dominant channel: G
2025-05-13 11:30:11,159 - Top 5% mean: 80.11, median: 80.00
2025-05-13 11:30:11,168 - Too dark → Increasing exposure by 326 µs
2025-05-13 11:30:11,169 - Adjusting exposure: 3599 → 3925
2025-05-13 11:30:12,243 - Dominant channel: G
2025-05-13 11:30:12,319 - Top 5% mean: 81.91, median: 82.00
2025-05-13 11:30:12,360 - Too dark → Increasing exposure by 354 µs
2025-05-13 11:30:12,361 - Adjusting exposure: 3910 → 4264
2025-05-13 11:30:13,391 - Dominant channel: G
2025-05-13 11:30:13,442 - Top 5% mean: 83.52, median: 83.50
2025-05-13 11:30:13,470 - Too dark → Increasing exposure by 384 µs
2025-05-13 11:30:13,471 - Adjusting exposure: 4251 → 4635
2025-05-13 11:30:14,518 - Dominant channel: G
2025-05-13 11:30:14,571 - Top 5% mean: 85.86, median: 85.50
2025-05-13 11:30:14,581 - Too dark → Increasing exposure by 416 µs
2025-05-13 11:30:14,582 - Adjusting exposure: 4621 → 5037
2025-05-13 11:30:15,586 - Exposure tuning failed, skipping this position.

2025-05-13 11:30:15,586 - Command: Go to detector azimuthal 8°
2025-05-13 11:30:15,587 - Arduino response: OK
2025-05-13 11:30:17,591 - Command: Go to detector radial 8°
2025-05-13 11:30:17,595 - Arduino response: Moved AZ to 108.00 degrees.
2025-05-13 11:30:20,599 - Command: Go to light azimuthal 108°
2025-05-13 11:30:20,599 - Arduino response: OK
2025-05-13 11:30:22,611 - Command: Go to detector azimuthal 8°
2025-05-13 11:30:22,613 - Arduino response: Moved RAD to 8.00 degrees.
2025-05-13 11:30:24,615 - Command: Go to detector radial 8°
2025-05-13 11:30:24,616 - Arduino response: OK
2025-05-13 11:30:27,656 - Dominant channel: G
2025-05-13 11:30:27,709 - Top 5% mean: 87.98, median: 88.00
2025-05-13 11:30:27,732 - Too dark → Increasing exposure by 451 µs
2025-05-13 11:30:27,733 - Adjusting exposure: 5021 → 5472
2025-05-13 11:30:28,778 - Dominant channel: G
2025-05-13 11:30:28,832 - Top 5% mean: 90.10, median: 90.00
2025-05-13 11:30:28,843 - Too dark → Increasing exposure by 489 µs
2025-05-13 11:30:28,844 - Adjusting exposure: 5466 → 5955
2025-05-13 11:30:29,902 - Dominant channel: G
2025-05-13 11:30:29,981 - Top 5% mean: 92.72, median: 92.50
2025-05-13 11:30:30,014 - Too dark → Increasing exposure by 530 µs
2025-05-13 11:30:30,015 - Adjusting exposure: 5940 → 6470
2025-05-13 11:30:31,047 - Dominant channel: G
2025-05-13 11:30:31,095 - Top 5% mean: 95.77, median: 95.50
2025-05-13 11:30:31,109 - Too dark → Increasing exposure by 574 µs
2025-05-13 11:30:31,110 - Adjusting exposure: 6458 → 7032
2025-05-13 11:30:32,157 - Dominant channel: G
2025-05-13 11:30:32,206 - Top 5% mean: 98.70, median: 98.50
2025-05-13 11:30:32,235 - Too dark → Increasing exposure by 622 µs
2025-05-13 11:30:32,236 - Adjusting exposure: 7021 → 7643
2025-05-13 11:30:33,283 - Dominant channel: G
2025-05-13 11:30:33,334 - Top 5% mean: 102.02, median: 102.00
2025-05-13 11:30:33,363 - Too dark → Increasing exposure by 673 µs
2025-05-13 11:30:33,364 - Adjusting exposure: 7629 → 8302
2025-05-13 11:30:34,409 - Dominant channel: G
2025-05-13 11:30:34,458 - Top 5% mean: 105.53, median: 105.50
2025-05-13 11:30:34,474 - Too dark → Increasing exposure by 728 µs
2025-05-13 11:30:34,475 - Adjusting exposure: 8295 → 9023
2025-05-13 11:30:35,531 - Dominant channel: G
2025-05-13 11:30:35,608 - Top 5% mean: 109.48, median: 109.50
2025-05-13 11:30:35,648 - Too dark → Increasing exposure by 788 µs
2025-05-13 11:30:35,651 - Adjusting exposure: 9021 → 9809
2025-05-13 11:30:36,695 - Dominant channel: G
2025-05-13 11:30:36,748 - Top 5% mean: 113.73, median: 113.50
2025-05-13 11:30:36,759 - Too dark → Increasing exposure by 852 µs
2025-05-13 11:30:36,759 - Adjusting exposure: 9806 → 10658
2025-05-13 11:30:37,789 - Dominant channel: G
2025-05-13 11:30:37,841 - Top 5% mean: 118.27, median: 118.00
2025-05-13 11:30:37,868 - Too dark → Increasing exposure by 920 µs
2025-05-13 11:30:37,868 - Adjusting exposure: 10651 → 11571
2025-05-13 11:30:38,871 - Exposure tuning failed, skipping this position.

2025-05-13 11:30:38,872 - Command: Go to detector radial 108°
2025-05-13 11:30:38,874 - Arduino response: Moved RAD to 108.00 degrees.
2025-05-13 11:30:41,932 - Dominant channel: G
2025-05-13 11:30:42,017 - Top 5% mean: 123.20, median: 123.00
2025-05-13 11:30:42,041 - Too dark → Increasing exposure by 992 µs
2025-05-13 11:30:42,042 - Adjusting exposure: 11569 → 12561
2025-05-13 11:30:43,088 - Dominant channel: G
2025-05-13 11:30:43,149 - Top 5% mean: 128.46, median: 128.00
2025-05-13 11:30:43,154 - Too dark → Increasing exposure by 1069 µs
2025-05-13 11:30:43,155 - Adjusting exposure: 12547 → 13616
2025-05-13 11:30:44,183 - Dominant channel: G
2025-05-13 11:30:44,236 - Top 5% mean: 134.32, median: 134.00
2025-05-13 11:30:44,249 - Too dark → Increasing exposure by 1151 µs
2025-05-13 11:30:44,250 - Adjusting exposure: 13614 → 14765
2025-05-13 11:30:45,292 - Dominant channel: G
2025-05-13 11:30:45,341 - Top 5% mean: 140.35, median: 140.00
2025-05-13 11:30:45,355 - Too dark → Increasing exposure by 1237 µs
2025-05-13 11:30:45,356 - Adjusting exposure: 14755 → 15992
2025-05-13 11:30:46,401 - Dominant channel: G
2025-05-13 11:30:46,450 - Top 5% mean: 147.09, median: 147.00
2025-05-13 11:30:46,465 - Too dark → Increasing exposure by 1328 µs
2025-05-13 11:30:46,466 - Adjusting exposure: 15984 → 17312
2025-05-13 11:30:47,568 - Dominant channel: G
2025-05-13 11:30:47,658 - Top 5% mean: 154.18, median: 154.00
2025-05-13 11:30:47,691 - Too dark → Increasing exposure by 1423 µs
2025-05-13 11:30:47,692 - Adjusting exposure: 17303 → 18726
2025-05-13 11:30:48,749 - Dominant channel: G
2025-05-13 11:30:48,802 - Top 5% mean: 161.95, median: 161.50
2025-05-13 11:30:48,823 - Too dark → Increasing exposure by 1523 µs
2025-05-13 11:30:48,824 - Adjusting exposure: 18725 → 20248
2025-05-13 11:30:49,887 - Dominant channel: G
2025-05-13 11:30:49,940 - Top 5% mean: 170.20, median: 170.00
2025-05-13 11:30:49,968 - Too dark → Increasing exposure by 1627 µs
2025-05-13 11:30:49,969 - Adjusting exposure: 20236 → 21863
2025-05-13 11:30:51,030 - Dominant channel: G
2025-05-13 11:30:51,083 - Top 5% mean: 179.02, median: 178.50
2025-05-13 11:30:51,118 - Too dark → Increasing exposure by 1735 µs
2025-05-13 11:30:51,119 - Adjusting exposure: 21851 → 23586
2025-05-13 11:30:52,167 - Dominant channel: G
2025-05-13 11:30:52,221 - Top 5% mean: 188.33, median: 188.00
2025-05-13 11:30:52,265 - Too dark → Increasing exposure by 1847 µs
2025-05-13 11:30:52,265 - Adjusting exposure: 23584 → 25431
2025-05-13 11:30:53,271 - Exposure tuning failed, skipping this position.

2025-05-13 11:30:53,272 - Command: Go to detector azimuthal 108°
2025-05-13 11:30:53,276 - Arduino response: OK
2025-05-13 11:30:55,279 - Skipping blocked configuration at LS(108, 8) ≈ DET(108, 8)

2025-05-13 11:30:55,279 - Command: Go to detector radial 108°
2025-05-13 11:30:55,281 - Arduino response: Moved AZ to 8.00 degrees.
2025-05-13 11:30:58,338 - Dominant channel: G
2025-05-13 11:30:58,390 - Top 5% mean: 198.35, median: 198.00
2025-05-13 11:30:58,418 - Too dark → Increasing exposure by 1962 µs
2025-05-13 11:30:58,419 - Adjusting exposure: 25421 → 27383
2025-05-13 11:30:59,500 - Dominant channel: G
2025-05-13 11:30:59,572 - Top 5% mean: 209.05, median: 208.50
2025-05-13 11:30:59,586 - Too dark → Increasing exposure by 2079 µs
2025-05-13 11:30:59,587 - Adjusting exposure: 27377 → 29456
2025-05-13 11:31:00,655 - Dominant channel: G
2025-05-13 11:31:00,709 - Top 5% mean: 220.56, median: 220.00
2025-05-13 11:31:00,754 - Too dark → Increasing exposure by 2198 µs
2025-05-13 11:31:00,754 - Adjusting exposure: 29451 → 31649
2025-05-13 11:31:01,838 - Dominant channel: G
2025-05-13 11:31:01,889 - Top 5% mean: 232.43, median: 232.00
2025-05-13 11:31:01,945 - Too dark → Increasing exposure by 2318 µs
2025-05-13 11:31:01,945 - Adjusting exposure: 31643 → 33961
2025-05-13 11:31:02,973 - Dominant channel: G
2025-05-13 11:31:03,030 - Top 5% mean: 245.11, median: 244.50
2025-05-13 11:31:03,090 - Too dark → Increasing exposure by 2438 µs
2025-05-13 11:31:03,090 - Adjusting exposure: 33955 → 36393
2025-05-13 11:31:04,186 - Dominant channel: G
2025-05-13 11:31:04,243 - Top 5% mean: 258.59, median: 258.00
2025-05-13 11:31:04,311 - Too dark → Increasing exposure by 2556 µs
2025-05-13 11:31:04,312 - Adjusting exposure: 36384 → 38940
2025-05-13 11:31:05,441 - Dominant channel: G
2025-05-13 11:31:05,524 - Top 5% mean: 272.42, median: 272.00
2025-05-13 11:31:05,582 - Too dark → Increasing exposure by 2673 µs
2025-05-13 11:31:05,583 - Adjusting exposure: 38932 → 41605
2025-05-13 11:31:06,670 - Dominant channel: G
2025-05-13 11:31:06,726 - Top 5% mean: 286.92, median: 286.50
2025-05-13 11:31:06,735 - Too dark → Increasing exposure by 2787 µs
2025-05-13 11:31:06,736 - Adjusting exposure: 41599 → 44386
2025-05-13 11:31:07,804 - Dominant channel: G
2025-05-13 11:31:07,854 - Top 5% mean: 302.27, median: 302.00
2025-05-13 11:31:07,872 - Too dark → Increasing exposure by 2895 µs
2025-05-13 11:31:07,873 - Adjusting exposure: 44384 → 47279
2025-05-13 11:31:08,917 - Dominant channel: G
2025-05-13 11:31:08,967 - Top 5% mean: 318.15, median: 317.50
2025-05-13 11:31:08,994 - Too dark → Increasing exposure by 2997 µs
2025-05-13 11:31:08,995 - Adjusting exposure: 47273 → 50270
2025-05-13 11:31:09,999 - Exposure tuning failed, skipping this position.

2025-05-13 11:31:09,999 - Command: Go to detector azimuthal 8°
2025-05-13 11:31:10,000 - Arduino response: OK
2025-05-13 11:31:12,003 - Command: Go to detector radial 8°
2025-05-13 11:31:12,008 - Arduino response: Moved RAD to 8.00 degrees.
2025-05-13 11:31:15,011 - Command: Go to light radial 108°
2025-05-13 11:31:15,012 - Arduino response: OK
2025-05-13 11:31:17,015 - Command: Go to light azimuthal 8°
2025-05-13 11:31:17,017 - Arduino response: Unknown command.
2025-05-13 11:31:19,019 - Command: Go to detector azimuthal 8°
2025-05-13 11:31:19,022 - Arduino response: Moved AZ to 8.00 degrees.
2025-05-13 11:31:21,024 - Command: Go to detector radial 8°
2025-05-13 11:31:21,025 - Arduino response: OK
2025-05-13 11:31:24,093 - Dominant channel: G
2025-05-13 11:31:24,196 - Top 5% mean: 334.80, median: 334.50
2025-05-13 11:31:24,271 - Too dark → Increasing exposure by 3091 µs
2025-05-13 11:31:24,272 - Adjusting exposure: 50266 → 53357
2025-05-13 11:31:25,343 - Dominant channel: G
2025-05-13 11:31:25,396 - Top 5% mean: 351.49, median: 351.00
2025-05-13 11:31:25,429 - Too dark → Increasing exposure by 3178 µs
2025-05-13 11:31:25,430 - Adjusting exposure: 53347 → 56525
2025-05-13 11:31:26,562 - Dominant channel: G
2025-05-13 11:31:26,614 - Top 5% mean: 368.84, median: 368.50
2025-05-13 11:31:26,655 - Too dark → Increasing exposure by 3254 µs
2025-05-13 11:31:26,656 - Adjusting exposure: 56517 → 59771
2025-05-13 11:31:27,732 - Dominant channel: G
2025-05-13 11:31:27,786 - Top 5% mean: 386.76, median: 386.00
2025-05-13 11:31:27,833 - Too dark → Increasing exposure by 3317 µs
2025-05-13 11:31:27,834 - Adjusting exposure: 59762 → 63079
2025-05-13 11:31:28,969 - Dominant channel: G
2025-05-13 11:31:29,021 - Top 5% mean: 404.90, median: 404.50
2025-05-13 11:31:29,074 - Too dark → Increasing exposure by 3369 µs
2025-05-13 11:31:29,074 - Adjusting exposure: 63066 → 66435
2025-05-13 11:31:30,171 - Dominant channel: G
2025-05-13 11:31:30,237 - Top 5% mean: 423.54, median: 423.00
2025-05-13 11:31:30,251 - Too dark → Increasing exposure by 3407 µs
2025-05-13 11:31:30,252 - Adjusting exposure: 66429 → 69836
2025-05-13 11:31:31,369 - Dominant channel: G
2025-05-13 11:31:31,421 - Top 5% mean: 442.06, median: 441.50
2025-05-13 11:31:31,488 - Too dark → Increasing exposure by 3432 µs
2025-05-13 11:31:31,489 - Adjusting exposure: 69821 → 73253
2025-05-13 11:31:32,517 - Dominant channel: G
2025-05-13 11:31:32,572 - Top 5% mean: 460.85, median: 460.00
2025-05-13 11:31:32,640 - Too dark → Increasing exposure by 3442 µs
2025-05-13 11:31:32,640 - Adjusting exposure: 73243 → 76685
2025-05-13 11:31:33,715 - Dominant channel: G
2025-05-13 11:31:33,768 - Top 5% mean: 479.57, median: 479.00
2025-05-13 11:31:33,847 - Too dark → Increasing exposure by 3438 µs
2025-05-13 11:31:33,847 - Adjusting exposure: 76680 → 80118
2025-05-13 11:31:34,970 - Dominant channel: G
2025-05-13 11:31:35,026 - Top 5% mean: 498.47, median: 498.00
2025-05-13 11:31:35,107 - Too dark → Increasing exposure by 3418 µs
2025-05-13 11:31:35,107 - Adjusting exposure: 80103 → 83521
2025-05-13 11:31:36,110 - Exposure tuning failed, skipping this position.

2025-05-13 11:31:36,111 - Skipping blocked configuration at LS(8, 108) ≈ DET(8, 108)

2025-05-13 11:31:36,111 - Command: Go to detector azimuthal 108°
2025-05-13 11:31:36,113 - Arduino response: Moved RAD to 8.00 degrees.
2025-05-13 11:31:38,115 - Command: Go to detector radial 8°
2025-05-13 11:31:38,116 - Arduino response: OK
2025-05-13 11:31:41,325 - Dominant channel: G
2025-05-13 11:31:41,388 - Top 5% mean: 517.00, median: 516.50
2025-05-13 11:31:41,441 - Too dark → Increasing exposure by 3385 µs
2025-05-13 11:31:41,442 - Adjusting exposure: 83510 → 86895
2025-05-13 11:31:42,484 - Dominant channel: G
2025-05-13 11:31:42,539 - Top 5% mean: 535.75, median: 535.00
2025-05-13 11:31:42,635 - Too dark → Increasing exposure by 3335 µs
2025-05-13 11:31:42,635 - Adjusting exposure: 86888 → 90223
2025-05-13 11:31:43,722 - Dominant channel: G
2025-05-13 11:31:43,776 - Top 5% mean: 553.73, median: 553.00
2025-05-13 11:31:43,879 - Too dark → Increasing exposure by 3276 µs
2025-05-13 11:31:43,880 - Adjusting exposure: 90221 → 93497
2025-05-13 11:31:45,005 - Dominant channel: G
2025-05-13 11:31:45,059 - Top 5% mean: 571.65, median: 571.00
2025-05-13 11:31:45,169 - Too dark → Increasing exposure by 3202 µs
2025-05-13 11:31:45,169 - Adjusting exposure: 93495 → 96697
2025-05-13 11:31:46,335 - Dominant channel: G
2025-05-13 11:31:46,454 - Top 5% mean: 589.24, median: 588.50
2025-05-13 11:31:46,507 - Too dark → Increasing exposure by 3116 µs
2025-05-13 11:31:46,508 - Adjusting exposure: 96695 → 99811
2025-05-13 11:31:47,708 - Dominant channel: G
2025-05-13 11:31:47,762 - Top 5% mean: 606.07, median: 605.50
2025-05-13 11:31:47,884 - Too dark → Increasing exposure by 3023 µs
2025-05-13 11:31:47,884 - Adjusting exposure: 99806 → 102829
2025-05-13 11:31:48,918 - Dominant channel: G
2025-05-13 11:31:48,970 - Top 5% mean: 622.44, median: 621.50
2025-05-13 11:31:49,102 - Too dark → Increasing exposure by 2921 µs
2025-05-13 11:31:49,102 - Adjusting exposure: 102814 → 105735
2025-05-13 11:31:50,164 - Dominant channel: G
2025-05-13 11:31:50,218 - Top 5% mean: 638.18, median: 637.50
2025-05-13 11:31:50,352 - Too dark → Increasing exposure by 2812 µs
2025-05-13 11:31:50,353 - Adjusting exposure: 105732 → 108544
2025-05-13 11:31:51,445 - Dominant channel: G
2025-05-13 11:31:51,558 - Top 5% mean: 653.39, median: 652.50
2025-05-13 11:31:51,640 - Too dark → Increasing exposure by 2697 µs
2025-05-13 11:31:51,641 - Adjusting exposure: 108532 → 111229
2025-05-13 11:31:52,759 - Dominant channel: G
2025-05-13 11:31:52,813 - Top 5% mean: 668.23, median: 667.50
2025-05-13 11:31:52,958 - Too dark → Increasing exposure by 2574 µs
2025-05-13 11:31:52,958 - Adjusting exposure: 111214 → 113788
2025-05-13 11:31:53,961 - Exposure tuning failed, skipping this position.

2025-05-13 11:31:53,962 - Command: Go to detector radial 108°
2025-05-13 11:31:53,964 - Arduino response: Moved RAD to 108.00 degrees.
2025-05-13 11:31:57,090 - Dominant channel: G
2025-05-13 11:31:57,179 - Top 5% mean: 682.12, median: 681.00
2025-05-13 11:31:57,271 - Too dark → Increasing exposure by 2451 µs
2025-05-13 11:31:57,271 - Adjusting exposure: 113777 → 116228
2025-05-13 11:31:58,440 - Dominant channel: G
2025-05-13 11:31:58,493 - Top 5% mean: 695.15, median: 694.00
2025-05-13 11:31:58,649 - Too dark → Increasing exposure by 2330 µs
2025-05-13 11:31:58,649 - Adjusting exposure: 116221 → 118551
2025-05-13 11:31:59,845 - Dominant channel: G
2025-05-13 11:31:59,901 - Top 5% mean: 707.71, median: 707.00
2025-05-13 11:32:00,058 - Too dark → Increasing exposure by 2205 µs
2025-05-13 11:32:00,059 - Adjusting exposure: 118547 → 120752
2025-05-13 11:32:01,277 - Dominant channel: G
2025-05-13 11:32:01,331 - Top 5% mean: 719.69, median: 719.00
2025-05-13 11:32:01,495 - Too dark → Increasing exposure by 2080 µs
2025-05-13 11:32:01,495 - Adjusting exposure: 120740 → 122820
2025-05-13 11:32:02,768 - Dominant channel: G
2025-05-13 11:32:02,861 - Top 5% mean: 730.81, median: 730.00
2025-05-13 11:32:02,958 - Too dark → Increasing exposure by 1958 µs
2025-05-13 11:32:02,958 - Adjusting exposure: 122814 → 124772
2025-05-13 11:32:04,217 - Dominant channel: G
2025-05-13 11:32:04,271 - Top 5% mean: 741.41, median: 740.50
2025-05-13 11:32:04,443 - Too dark → Increasing exposure by 1838 µs
2025-05-13 11:32:04,443 - Adjusting exposure: 124769 → 126607
2025-05-13 11:32:05,723 - Dominant channel: G
2025-05-13 11:32:05,774 - Top 5% mean: 751.36, median: 750.50
2025-05-13 11:32:05,952 - Too dark → Increasing exposure by 1720 µs
2025-05-13 11:32:05,953 - Adjusting exposure: 126592 → 128312
2025-05-13 11:32:06,993 - Dominant channel: G
2025-05-13 11:32:07,047 - Top 5% mean: 760.58, median: 759.50
2025-05-13 11:32:07,225 - Too dark → Increasing exposure by 1607 µs
2025-05-13 11:32:07,226 - Adjusting exposure: 128310 → 129917
2025-05-13 11:32:08,317 - Dominant channel: G
2025-05-13 11:32:08,392 - Top 5% mean: 769.30, median: 768.50
2025-05-13 11:32:08,516 - Too dark → Increasing exposure by 1497 µs
2025-05-13 11:32:08,516 - Adjusting exposure: 129910 → 131407
2025-05-13 11:32:09,582 - Dominant channel: G
2025-05-13 11:32:09,638 - Top 5% mean: 777.25, median: 776.50
2025-05-13 11:32:09,821 - Too dark → Increasing exposure by 1393 µs
2025-05-13 11:32:09,821 - Adjusting exposure: 131392 → 132785
2025-05-13 11:32:10,825 - Exposure tuning failed, skipping this position.

2025-05-13 11:32:10,825 - Command: Go to detector azimuthal 8°
2025-05-13 11:32:10,826 - Arduino response: OK
2025-05-13 11:32:12,828 - Command: Go to detector radial 8°
2025-05-13 11:32:12,830 - Arduino response: Moved AZ to 108.00 degrees.
2025-05-13 11:32:15,834 - Command: Go to light azimuthal 108°
2025-05-13 11:32:15,836 - Arduino response: OK
2025-05-13 11:32:17,839 - Command: Go to detector azimuthal 8°
2025-05-13 11:32:17,843 - Arduino response: Moved RAD to 108.00 degrees.
2025-05-13 11:32:19,845 - Command: Go to detector radial 8°
2025-05-13 11:32:19,846 - Arduino response: OK
2025-05-13 11:32:23,141 - Dominant channel: G
2025-05-13 11:32:23,241 - Top 5% mean: 784.75, median: 784.00
2025-05-13 11:32:23,361 - Too dark → Increasing exposure by 1294 µs
2025-05-13 11:32:23,362 - Adjusting exposure: 132769 → 134063
2025-05-13 11:32:24,451 - Dominant channel: G
2025-05-13 11:32:24,509 - Top 5% mean: 791.64, median: 790.50
2025-05-13 11:32:24,695 - Too dark → Increasing exposure by 1200 µs
2025-05-13 11:32:24,696 - Adjusting exposure: 134058 → 135258
2025-05-13 11:32:25,795 - Dominant channel: G
2025-05-13 11:32:25,854 - Top 5% mean: 797.80, median: 797.00
2025-05-13 11:32:26,041 - Too dark → Increasing exposure by 1115 µs
2025-05-13 11:32:26,041 - Adjusting exposure: 135243 → 136358
2025-05-13 11:32:27,149 - Dominant channel: G
2025-05-13 11:32:27,205 - Top 5% mean: 803.98, median: 803.00
2025-05-13 11:32:27,399 - Too dark → Increasing exposure by 1027 µs
2025-05-13 11:32:27,399 - Adjusting exposure: 136355 → 137382
2025-05-13 11:32:28,554 - Dominant channel: G
2025-05-13 11:32:28,638 - Top 5% mean: 809.38, median: 808.50
2025-05-13 11:32:28,767 - Too dark → Increasing exposure by 949 µs
2025-05-13 11:32:28,767 - Adjusting exposure: 137377 → 138326
2025-05-13 11:32:29,892 - Dominant channel: G
2025-05-13 11:32:29,948 - Top 5% mean: 814.56, median: 813.50
2025-05-13 11:32:30,145 - Too dark → Increasing exposure by 874 µs
2025-05-13 11:32:30,145 - Adjusting exposure: 138325 → 139199
2025-05-13 11:32:31,278 - Dominant channel: G
2025-05-13 11:32:31,335 - Top 5% mean: 819.06, median: 818.00
2025-05-13 11:32:31,532 - Exposure is acceptable.

2025-05-13 11:32:31,827 - Variance Value: 870.7439093431458
2025-05-13 11:32:32,051 - Entropy Value: 7.919497754156366
2025-05-13 11:32:32,053 - Attempt 1: Image rejected due to static noise.

2025-05-13 11:32:32,115 - Variance Value: 871.7441803179681
2025-05-13 11:32:32,336 - Entropy Value: 7.920613770185843
2025-05-13 11:32:32,337 - Attempt 2: Image rejected due to static noise.

2025-05-13 11:32:32,392 - Variance Value: 872.437965258956
2025-05-13 11:32:32,624 - Entropy Value: 7.9197391436263676
2025-05-13 11:32:32,626 - Attempt 3: Image rejected due to static noise.

2025-05-13 11:32:32,666 - Variance Value: 870.0450372537598
2025-05-13 11:32:32,897 - Entropy Value: 7.920419667840176
2025-05-13 11:32:32,899 - Attempt 4: Image rejected due to static noise.

2025-05-13 11:32:32,948 - Variance Value: 871.5856334248092
2025-05-13 11:32:33,169 - Entropy Value: 7.920370543060254
2025-05-13 11:32:33,170 - Attempt 5: Image rejected due to static noise.

2025-05-13 11:32:33,226 - Variance Value: 870.469207994407
2025-05-13 11:32:33,461 - Entropy Value: 7.920258918573695
2025-05-13 11:32:33,463 - Attempt 6: Image rejected due to static noise.

2025-05-13 11:32:33,503 - Variance Value: 873.5959303339478
2025-05-13 11:32:33,791 - Entropy Value: 7.920165906684193
2025-05-13 11:32:33,792 - Attempt 7: Image rejected due to static noise.

2025-05-13 11:32:34,056 - Variance Value: 870.5348675025161
2025-05-13 11:32:34,277 - Entropy Value: 7.920168235728926
2025-05-13 11:32:34,279 - Attempt 8: Image rejected due to static noise.

2025-05-13 11:32:34,341 - Variance Value: 871.7675363114104
2025-05-13 11:32:34,574 - Entropy Value: 7.920986329568725
2025-05-13 11:32:34,576 - Attempt 9: Image rejected due to static noise.

2025-05-13 11:32:34,621 - Variance Value: 870.757165572606
2025-05-13 11:32:34,860 - Entropy Value: 7.919756465264926
2025-05-13 11:32:34,861 - Attempt 10: Image rejected due to static noise.

2025-05-13 11:32:34,890 - Variance Value: 869.1804746240377
2025-05-13 11:32:35,128 - Entropy Value: 7.920105477129446
2025-05-13 11:32:35,130 - Attempt 11: Image rejected due to static noise.

2025-05-13 11:32:35,173 - Variance Value: 871.6545261794236
2025-05-13 11:32:35,404 - Entropy Value: 7.920906314112247
2025-05-13 11:32:35,405 - Attempt 12: Image rejected due to static noise.

2025-05-13 11:32:35,454 - Variance Value: 870.444133784622
2025-05-13 11:32:35,681 - Entropy Value: 7.9204851012525035
2025-05-13 11:32:35,682 - Attempt 13: Image rejected due to static noise.

2025-05-13 11:32:35,734 - Variance Value: 871.7099268697202
2025-05-13 11:32:35,955 - Entropy Value: 7.920594642526164
2025-05-13 11:32:35,956 - Attempt 14: Image rejected due to static noise.

2025-05-13 11:32:36,013 - Variance Value: 870.9193201956805
2025-05-13 11:32:36,249 - Entropy Value: 7.920685984629348
2025-05-13 11:32:36,251 - Attempt 15: Image rejected due to static noise.

2025-05-13 11:32:36,284 - Variance Value: 872.0173470145091
2025-05-13 11:32:36,511 - Entropy Value: 7.920275040355135
2025-05-13 11:32:36,513 - Attempt 16: Image rejected due to static noise.

2025-05-13 11:32:36,569 - Variance Value: 871.932586822426
2025-05-13 11:32:36,800 - Entropy Value: 7.920580531367364
2025-05-13 11:32:36,802 - Attempt 17: Image rejected due to static noise.

2025-05-13 11:32:36,843 - Variance Value: 872.2940687497612
2025-05-13 11:32:37,088 - Entropy Value: 7.919933838337349
2025-05-13 11:32:37,089 - Attempt 18: Image rejected due to static noise.

2025-05-13 11:32:37,119 - Variance Value: 871.04917795863
2025-05-13 11:32:37,345 - Entropy Value: 7.920071757161875
2025-05-13 11:32:37,347 - Attempt 19: Image rejected due to static noise.

2025-05-13 11:32:37,405 - Variance Value: 871.3433995598461
2025-05-13 11:32:37,632 - Entropy Value: 7.919602150654301
2025-05-13 11:32:37,634 - Attempt 20: Image rejected due to static noise.

2025-05-13 11:32:37,677 - Variance Value: 871.5164641737938
2025-05-13 11:32:37,917 - Entropy Value: 7.919430505961134
2025-05-13 11:32:37,919 - Attempt 21: Image rejected due to static noise.

2025-05-13 11:32:37,955 - Variance Value: 870.6199449484702
2025-05-13 11:32:38,192 - Entropy Value: 7.920130422550106
2025-05-13 11:32:38,194 - Attempt 22: Image rejected due to static noise.

2025-05-13 11:32:38,235 - Variance Value: 870.9286783030257
2025-05-13 11:32:38,467 - Entropy Value: 7.920290967011378
2025-05-13 11:32:38,469 - Attempt 23: Image rejected due to static noise.

2025-05-13 11:32:38,514 - Variance Value: 871.800343103474
2025-05-13 11:32:38,758 - Entropy Value: 7.920268987966814
2025-05-13 11:32:38,760 - Attempt 24: Image rejected due to static noise.

2025-05-13 11:32:38,789 - Variance Value: 870.5641322711017
2025-05-13 11:32:39,028 - Entropy Value: 7.920212200545421
2025-05-13 11:32:39,029 - Attempt 25: Image rejected due to static noise.

2025-05-13 11:32:39,070 - Variance Value: 870.4512403269764
2025-05-13 11:32:39,324 - Entropy Value: 7.920241403986846
2025-05-13 11:32:39,326 - Attempt 26: Image rejected due to static noise.

2025-05-13 11:32:39,347 - Variance Value: 871.7022258394863
2025-05-13 11:32:39,577 - Entropy Value: 7.920037176268228
2025-05-13 11:32:39,578 - Attempt 27: Image rejected due to static noise.

2025-05-13 11:32:39,632 - Variance Value: 871.1264702787157
2025-05-13 11:32:39,871 - Entropy Value: 7.920892992732291
2025-05-13 11:32:39,873 - Attempt 28: Image rejected due to static noise.

2025-05-13 11:32:39,903 - Variance Value: 872.7574884062633
2025-05-13 11:32:40,138 - Entropy Value: 7.920171695103132
2025-05-13 11:32:40,140 - Attempt 29: Image rejected due to static noise.

2025-05-13 11:32:40,187 - Variance Value: 871.2220703379717
2025-05-13 11:32:40,418 - Entropy Value: 7.9205804554730195
2025-05-13 11:32:40,420 - Attempt 30: Image rejected due to static noise.

2025-05-13 11:32:40,420 - Warning: Only 0 valid images collected (out of 10 required)

2025-05-13 11:32:40,420 - Command: Go to detector radial 108°
2025-05-13 11:32:40,422 - Arduino response: Moved AZ to 8.00 degrees.
2025-05-13 11:32:43,531 - Dominant channel: G
2025-05-13 11:32:43,613 - Top 5% mean: 818.94, median: 818.00
2025-05-13 11:32:43,791 - Exposure is acceptable.

2025-05-13 11:32:44,093 - Variance Value: 871.3997043424752
2025-05-13 11:32:44,338 - Entropy Value: 7.919923697614221
2025-05-13 11:32:44,340 - Attempt 1: Image rejected due to static noise.

2025-05-13 11:32:44,358 - Variance Value: 871.7956602266058
2025-05-13 11:32:44,590 - Entropy Value: 7.919691568338603
2025-05-13 11:32:44,592 - Attempt 2: Image rejected due to static noise.

2025-05-13 11:32:44,643 - Variance Value: 871.9625496268272
2025-05-13 11:32:44,873 - Entropy Value: 7.919641909706911
2025-05-13 11:32:44,875 - Attempt 3: Image rejected due to static noise.

2025-05-13 11:32:44,922 - Variance Value: 871.1603819420561
2025-05-13 11:32:45,153 - Entropy Value: 7.920148242929092
2025-05-13 11:32:45,155 - Attempt 4: Image rejected due to static noise.

2025-05-13 11:32:45,198 - Variance Value: 872.0667466064915
2025-05-13 11:32:45,431 - Entropy Value: 7.92012752455092
2025-05-13 11:32:45,432 - Attempt 5: Image rejected due to static noise.

2025-05-13 11:32:45,475 - Variance Value: 870.6845381685998
2025-05-13 11:32:45,704 - Entropy Value: 7.919729510363263
2025-05-13 11:32:45,705 - Attempt 6: Image rejected due to static noise.

2025-05-13 11:32:45,758 - Variance Value: 870.008610829711
2025-05-13 11:32:45,993 - Entropy Value: 7.919672035531473
2025-05-13 11:32:45,994 - Attempt 7: Image rejected due to static noise.

2025-05-13 11:32:46,033 - Variance Value: 871.5931385511067
2025-05-13 11:32:46,261 - Entropy Value: 7.919276806238006
2025-05-13 11:32:46,262 - Attempt 8: Image rejected due to static noise.

2025-05-13 11:32:46,314 - Variance Value: 870.8167197369039
2025-05-13 11:32:46,543 - Entropy Value: 7.920205505364436
2025-05-13 11:32:46,544 - Attempt 9: Image rejected due to static noise.

2025-05-13 11:32:46,592 - Variance Value: 872.3047901652753
2025-05-13 11:32:46,821 - Entropy Value: 7.919340629398576
2025-05-13 11:32:46,822 - Attempt 10: Image rejected due to static noise.

2025-05-13 11:32:46,872 - Variance Value: 871.247228465043
2025-05-13 11:32:47,103 - Entropy Value: 7.91905614212178
2025-05-13 11:32:47,105 - Attempt 11: Image rejected due to static noise.

2025-05-13 11:32:47,150 - Variance Value: 870.8989084810019
2025-05-13 11:32:47,386 - Entropy Value: 7.920607374997425
2025-05-13 11:32:47,388 - Attempt 12: Image rejected due to static noise.

2025-05-13 11:32:47,427 - Variance Value: 872.1153284979519
2025-05-13 11:32:47,659 - Entropy Value: 7.920004386778715
2025-05-13 11:32:47,661 - Attempt 13: Image rejected due to static noise.

2025-05-13 11:32:47,708 - Variance Value: 871.388539519161
2025-05-13 11:32:47,939 - Entropy Value: 7.9200740357313935
2025-05-13 11:32:47,941 - Attempt 14: Image rejected due to static noise.

2025-05-13 11:32:47,983 - Variance Value: 870.6516361152753
2025-05-13 11:32:48,216 - Entropy Value: 7.920083399451872
2025-05-13 11:32:48,217 - Attempt 15: Image rejected due to static noise.

2025-05-13 11:32:48,261 - Variance Value: 871.3133027395234
2025-05-13 11:32:48,495 - Entropy Value: 7.919499029191042
2025-05-13 11:32:48,496 - Attempt 16: Image rejected due to static noise.

2025-05-13 11:32:48,538 - Variance Value: 871.2501125109848
2025-05-13 11:32:48,773 - Entropy Value: 7.920265687248592
2025-05-13 11:32:48,774 - Attempt 17: Image rejected due to static noise.

2025-05-13 11:32:48,821 - Variance Value: 870.0070938086137
2025-05-13 11:32:49,055 - Entropy Value: 7.919601493582759
2025-05-13 11:32:49,057 - Attempt 18: Image rejected due to static noise.

2025-05-13 11:32:49,094 - Variance Value: 871.4015493653715
2025-05-13 11:32:49,320 - Entropy Value: 7.91976923241935
2025-05-13 11:32:49,322 - Attempt 19: Image rejected due to static noise.

2025-05-13 11:32:49,377 - Variance Value: 871.3324213342275
2025-05-13 11:32:49,602 - Entropy Value: 7.920437126127112
2025-05-13 11:32:49,604 - Attempt 20: Image rejected due to static noise.

2025-05-13 11:32:49,656 - Variance Value: 870.7832183127757
2025-05-13 11:32:49,883 - Entropy Value: 7.919560311991812
2025-05-13 11:32:49,885 - Attempt 21: Image rejected due to static noise.

2025-05-13 11:32:49,935 - Variance Value: 870.6031378617045
2025-05-13 11:32:50,170 - Entropy Value: 7.9192967227645585
2025-05-13 11:32:50,171 - Attempt 22: Image rejected due to static noise.

2025-05-13 11:32:50,208 - Variance Value: 871.4139502188191
2025-05-13 11:32:50,438 - Entropy Value: 7.919226953813259
2025-05-13 11:32:50,440 - Attempt 23: Image rejected due to static noise.

2025-05-13 11:32:50,496 - Variance Value: 870.9665833562613
2025-05-13 11:32:50,732 - Entropy Value: 7.919364382650168
2025-05-13 11:32:50,734 - Attempt 24: Image rejected due to static noise.

2025-05-13 11:32:50,771 - Variance Value: 871.3055658654775
2025-05-13 11:32:51,015 - Entropy Value: 7.9199520026685075
2025-05-13 11:32:51,017 - Attempt 25: Image rejected due to static noise.

2025-05-13 11:32:51,043 - Variance Value: 870.9919761342462
2025-05-13 11:32:51,275 - Entropy Value: 7.919721795966181
2025-05-13 11:32:51,277 - Attempt 26: Image rejected due to static noise.

2025-05-13 11:32:51,330 - Variance Value: 870.6254825179931
2025-05-13 11:32:51,568 - Entropy Value: 7.920105568843831
2025-05-13 11:32:51,570 - Attempt 27: Image rejected due to static noise.

2025-05-13 11:32:51,602 - Variance Value: 870.1869646450505
2025-05-13 11:32:51,833 - Entropy Value: 7.920011279594041
2025-05-13 11:32:51,835 - Attempt 28: Image rejected due to static noise.

2025-05-13 11:32:51,883 - Variance Value: 870.7308048622217
2025-05-13 11:32:52,105 - Entropy Value: 7.919923554556487
2025-05-13 11:32:52,107 - Attempt 29: Image rejected due to static noise.

2025-05-13 11:32:52,168 - Variance Value: 871.9828183315694
2025-05-13 11:32:52,391 - Entropy Value: 7.920319904018229
2025-05-13 11:32:52,393 - Attempt 30: Image rejected due to static noise.

2025-05-13 11:32:52,393 - Warning: Only 0 valid images collected (out of 10 required)

2025-05-13 11:32:52,393 - Command: Go to detector azimuthal 108°
2025-05-13 11:32:52,394 - Arduino response: OK
2025-05-13 11:32:54,396 - Command: Go to detector radial 8°
2025-05-13 11:32:54,398 - Arduino response: Moved RAD to 8.00 degrees.
2025-05-13 11:32:57,456 - Dominant channel: G
2025-05-13 11:32:57,513 - Top 5% mean: 818.99, median: 818.00
2025-05-13 11:32:57,710 - Exposure is acceptable.

2025-05-13 11:32:58,005 - Variance Value: 870.4474976575002
2025-05-13 11:32:58,238 - Entropy Value: 7.920241499647388
2025-05-13 11:32:58,240 - Attempt 1: Image rejected due to static noise.

2025-05-13 11:32:58,290 - Variance Value: 871.7800614924636
2025-05-13 11:32:58,526 - Entropy Value: 7.919776005553067
2025-05-13 11:32:58,527 - Attempt 2: Image rejected due to static noise.

2025-05-13 11:32:58,567 - Variance Value: 869.6026954865083
2025-05-13 11:32:58,803 - Entropy Value: 7.919921481444663
2025-05-13 11:32:58,805 - Attempt 3: Image rejected due to static noise.

2025-05-13 11:32:58,841 - Variance Value: 870.824075460434
2025-05-13 11:32:59,079 - Entropy Value: 7.919680774229443
2025-05-13 11:32:59,080 - Attempt 4: Image rejected due to static noise.

2025-05-13 11:32:59,122 - Variance Value: 872.1171102018561
2025-05-13 11:32:59,397 - Entropy Value: 7.9201354598513545
2025-05-13 11:32:59,399 - Attempt 5: Image rejected due to static noise.

2025-05-13 11:32:59,674 - Variance Value: 871.7778080755379
2025-05-13 11:32:59,905 - Entropy Value: 7.920210233219492
2025-05-13 11:32:59,906 - Attempt 6: Image rejected due to static noise.

2025-05-13 11:32:59,962 - Variance Value: 870.6902875304222
2025-05-13 11:33:00,193 - Entropy Value: 7.919546161593759
2025-05-13 11:33:00,194 - Attempt 7: Image rejected due to static noise.

2025-05-13 11:33:00,240 - Variance Value: 870.7422056717332
2025-05-13 11:33:00,474 - Entropy Value: 7.920346366577433
2025-05-13 11:33:00,476 - Attempt 8: Image rejected due to static noise.

2025-05-13 11:33:00,513 - Variance Value: 870.9338727556169
2025-05-13 11:33:00,750 - Entropy Value: 7.91974629437478
2025-05-13 11:33:00,752 - Attempt 9: Image rejected due to static noise.

2025-05-13 11:33:00,802 - Variance Value: 872.156869626604
2025-05-13 11:33:01,050 - Entropy Value: 7.91914958773306
2025-05-13 11:33:01,052 - Attempt 10: Image rejected due to static noise.

2025-05-13 11:33:01,075 - Variance Value: 870.2709828296211
2025-05-13 11:33:01,308 - Entropy Value: 7.920419082907537
2025-05-13 11:33:01,310 - Attempt 11: Image rejected due to static noise.

2025-05-13 11:33:01,353 - Variance Value: 869.9660899257287
2025-05-13 11:33:01,589 - Entropy Value: 7.92013197958024
2025-05-13 11:33:01,591 - Attempt 12: Image rejected due to static noise.

2025-05-13 11:33:01,630 - Variance Value: 870.9263409664854
2025-05-13 11:33:01,865 - Entropy Value: 7.920316591137875
2025-05-13 11:33:01,866 - Attempt 13: Image rejected due to static noise.

2025-05-13 11:33:01,907 - Variance Value: 870.9340824258979
2025-05-13 11:33:02,135 - Entropy Value: 7.921287422933132
2025-05-13 11:33:02,137 - Attempt 14: Image rejected due to static noise.

2025-05-13 11:33:02,189 - Variance Value: 870.9038808306213
2025-05-13 11:33:02,417 - Entropy Value: 7.919955049620884
2025-05-13 11:33:02,418 - Attempt 15: Image rejected due to static noise.

2025-05-13 11:33:02,466 - Variance Value: 871.8298621736467
2025-05-13 11:33:02,694 - Entropy Value: 7.919345642311301
2025-05-13 11:33:02,695 - Attempt 16: Image rejected due to static noise.

2025-05-13 11:33:02,743 - Variance Value: 870.6952724223956
2025-05-13 11:33:02,970 - Entropy Value: 7.919425235331384
2025-05-13 11:33:02,972 - Attempt 17: Image rejected due to static noise.

2025-05-13 11:33:03,025 - Variance Value: 870.0977546339855
2025-05-13 11:33:03,254 - Entropy Value: 7.9198559533383355
2025-05-13 11:33:03,256 - Attempt 18: Image rejected due to static noise.

2025-05-13 11:33:03,304 - Variance Value: 870.6028622984886
2025-05-13 11:33:03,537 - Entropy Value: 7.919824443459178
2025-05-13 11:33:03,538 - Attempt 19: Image rejected due to static noise.

2025-05-13 11:33:03,577 - Variance Value: 870.9370071364101
2025-05-13 11:33:03,813 - Entropy Value: 7.919347860974214
2025-05-13 11:33:03,814 - Attempt 20: Image rejected due to static noise.

2025-05-13 11:33:03,856 - Variance Value: 869.0997093466576
2025-05-13 11:33:04,084 - Entropy Value: 7.919204923613744
2025-05-13 11:33:04,086 - Attempt 21: Image rejected due to static noise.

2025-05-13 11:33:04,140 - Variance Value: 869.5500904915389
2025-05-13 11:33:04,374 - Entropy Value: 7.91936251900778
2025-05-13 11:33:04,376 - Attempt 22: Image rejected due to static noise.

2025-05-13 11:33:04,411 - Variance Value: 870.0072346469387
2025-05-13 11:33:04,646 - Entropy Value: 7.9196142896604655
2025-05-13 11:33:04,648 - Attempt 23: Image rejected due to static noise.

2025-05-13 11:33:04,692 - Variance Value: 871.2407933284994
2025-05-13 11:33:04,917 - Entropy Value: 7.919043637104823
2025-05-13 11:33:04,919 - Attempt 24: Image rejected due to static noise.

2025-05-13 11:33:04,974 - Variance Value: 871.2126883545425
2025-05-13 11:33:05,204 - Entropy Value: 7.9193082456082875
2025-05-13 11:33:05,206 - Attempt 25: Image rejected due to static noise.

2025-05-13 11:33:05,252 - Variance Value: 871.1710833811667
2025-05-13 11:33:05,489 - Entropy Value: 7.919316652114674
2025-05-13 11:33:05,491 - Attempt 26: Image rejected due to static noise.

2025-05-13 11:33:05,527 - Variance Value: 871.2112932056189
2025-05-13 11:33:05,764 - Entropy Value: 7.920438867140067
2025-05-13 11:33:05,765 - Attempt 27: Image rejected due to static noise.

2025-05-13 11:33:05,805 - Variance Value: 870.2440123741981
2025-05-13 11:33:06,033 - Entropy Value: 7.919784903949053
2025-05-13 11:33:06,034 - Attempt 28: Image rejected due to static noise.

2025-05-13 11:33:06,087 - Variance Value: 870.3575691580772
2025-05-13 11:33:06,330 - Entropy Value: 7.919770171127058
2025-05-13 11:33:06,331 - Attempt 29: Image rejected due to static noise.

2025-05-13 11:33:06,365 - Variance Value: 872.323242213577
2025-05-13 11:33:06,599 - Entropy Value: 7.919268297366743
2025-05-13 11:33:06,600 - Attempt 30: Image rejected due to static noise.

2025-05-13 11:33:06,601 - Warning: Only 0 valid images collected (out of 10 required)

2025-05-13 11:33:06,601 - Skipping blocked configuration at LS(108, 108) ≈ DET(108, 108)

2025-05-13 11:33:06,601 - Command: Go to detector azimuthal 8°
2025-05-13 11:33:06,602 - Arduino response: OK
2025-05-13 11:33:08,604 - Command: Go to detector radial 8°
2025-05-13 11:33:08,606 - Arduino response: Unknown command.
2025-05-13 11:33:11,609 - Command: Go to light azimuthal 8°
2025-05-13 11:33:11,613 - Arduino response: Unknown command.
2025-05-13 11:33:13,621 - Command: Go to light radial 8°
2025-05-13 11:33:13,622 - Arduino response: Moved AZ to 8.00 degrees.
2025-05-13 11:33:15,630 - Full measurement complete.

2025-05-13 11:33:36,693 - BSDF data file saved to /home/mex2025/MEX2025/test.bsdf
2025-05-13 11:33:36,696 - Relative errors saved to /home/mex2025/MEX2025/test_relative_errors.csv
