2025-05-20 14:46:27,659 - Initialization successful.
2025-05-20 14:46:27,665 - Camera now open.
2025-05-20 14:46:27,678 - Camera configuration has been adjusted!
2025-05-20 14:46:27,682 - Configuration successful!
2025-05-20 14:46:28,322 - Camera started
2025-05-20 14:46:34,287 - Mean intensity (dark_value): 59.86420920531674
2025-05-20 14:46:43,733 - Measurement Type: BRDF

Light Source - Azimuthal Step: 200.0° (2 positions)
Light Source - Radial Step: 200.0° (2 positions)
Detector - Azimuthal Step: 200.0° (2 positions)
Detector - Radial Step: 200.0° (2 positions)

2025-05-20 14:46:46,597 - Measurement error: [Errno 2] could not open port /dev/ttyACM0: [Errno 2] No such file or directory: '/dev/ttyACM0'
2025-05-20 14:47:08,859 - Arduino response: Detector motor controller (absolute mode) ready.
2025-05-20 14:47:08,860 - Command: Go to light radial 8°
2025-05-20 14:47:08,916 - Arduino response: Position reset to 8 degrees on both axes.
2025-05-20 14:47:10,919 - Command: Go to light azimuthal 8°
2025-05-20 14:47:10,920 - Arduino response: OK
2025-05-20 14:47:12,922 - Command: Go to detector azimuthal 8°
2025-05-20 14:47:12,924 - Arduino response: Unknown command.
2025-05-20 14:47:14,925 - Skipping blocked configuration at LS(8, 8) ≈ DET(8, 8)

2025-05-20 14:47:14,926 - Command: Go to detector radial 175°
2025-05-20 14:47:14,929 - Arduino response: Unknown command.
2025-05-20 14:47:17,986 - Dominant channel: G
2025-05-20 14:47:18,030 - Top 5% mean: 60.53, median: 60.50
2025-05-20 14:47:18,065 - Too dark → Increasing exposure by 100 µs
2025-05-20 14:47:18,065 - Adjusting exposure: 43 → 143
2025-05-20 14:47:19,067 - Actual exposure time from metadata: 43
2025-05-20 14:47:19,126 - Dominant channel: G
2025-05-20 14:47:19,187 - Top 5% mean: 60.66, median: 60.50
2025-05-20 14:47:19,189 - Too dark → Increasing exposure by 100 µs
2025-05-20 14:47:19,190 - Adjusting exposure: 132 → 232
2025-05-20 14:47:20,193 - Actual exposure time from metadata: 132
2025-05-20 14:47:20,258 - Dominant channel: G
2025-05-20 14:47:20,329 - Top 5% mean: 60.98, median: 61.00
2025-05-20 14:47:20,365 - Too dark → Increasing exposure by 100 µs
2025-05-20 14:47:20,366 - Adjusting exposure: 221 → 321
2025-05-20 14:47:21,368 - Actual exposure time from metadata: 221
2025-05-20 14:47:21,427 - Dominant channel: G
2025-05-20 14:47:21,480 - Top 5% mean: 61.02, median: 61.00
2025-05-20 14:47:21,498 - Too dark → Increasing exposure by 100 µs
2025-05-20 14:47:21,499 - Adjusting exposure: 310 → 410
2025-05-20 14:47:22,501 - Actual exposure time from metadata: 310
2025-05-20 14:47:22,551 - Dominant channel: G
2025-05-20 14:47:22,626 - Top 5% mean: 61.07, median: 61.00
2025-05-20 14:47:22,669 - Too dark → Increasing exposure by 100 µs
2025-05-20 14:47:22,670 - Adjusting exposure: 399 → 499
2025-05-20 14:47:23,672 - Actual exposure time from metadata: 399
2025-05-20 14:47:23,705 - Dominant channel: G
2025-05-20 14:47:23,767 - Top 5% mean: 61.24, median: 61.00
2025-05-20 14:47:23,781 - Too dark → Increasing exposure by 100 µs
2025-05-20 14:47:23,782 - Adjusting exposure: 488 → 588
2025-05-20 14:47:24,784 - Actual exposure time from metadata: 488
2025-05-20 14:47:24,818 - Dominant channel: G
2025-05-20 14:47:24,883 - Top 5% mean: 61.53, median: 61.50
2025-05-20 14:47:24,892 - Too dark → Increasing exposure by 100 µs
2025-05-20 14:47:24,893 - Adjusting exposure: 577 → 677
2025-05-20 14:47:25,895 - Actual exposure time from metadata: 577
2025-05-20 14:47:25,960 - Dominant channel: G
2025-05-20 14:47:26,058 - Top 5% mean: 61.59, median: 61.50
2025-05-20 14:47:26,084 - Too dark → Increasing exposure by 100 µs
2025-05-20 14:47:26,087 - Adjusting exposure: 666 → 766
2025-05-20 14:47:27,090 - Actual exposure time from metadata: 666
2025-05-20 14:47:27,161 - Dominant channel: G
2025-05-20 14:47:27,233 - Top 5% mean: 61.74, median: 61.50
2025-05-20 14:47:27,275 - Too dark → Increasing exposure by 100 µs
2025-05-20 14:47:27,276 - Adjusting exposure: 755 → 855
2025-05-20 14:47:28,278 - Actual exposure time from metadata: 755
2025-05-20 14:47:28,330 - Dominant channel: G
2025-05-20 14:47:28,395 - Top 5% mean: 62.01, median: 62.00
2025-05-20 14:47:28,397 - Too dark → Increasing exposure by 100 µs
2025-05-20 14:47:28,398 - Adjusting exposure: 843 → 943
2025-05-20 14:47:29,399 - Actual exposure time from metadata: 843
2025-05-20 14:47:29,402 - Exposure tuning failed, skipping this position.

2025-05-20 14:47:29,402 - Command: Go to detector azimuthal 175°
2025-05-20 14:47:29,404 - Arduino response: Moved AZ to 8.00 degrees.
2025-05-20 14:47:31,406 - Command: Go to detector radial 8°
2025-05-20 14:47:31,408 - Arduino response: OK
2025-05-20 14:47:34,467 - Dominant channel: G
2025-05-20 14:47:34,511 - Top 5% mean: 62.05, median: 62.00
2025-05-20 14:47:34,545 - Too dark → Increasing exposure by 100 µs
2025-05-20 14:47:34,546 - Adjusting exposure: 932 → 1032
2025-05-20 14:47:35,547 - Actual exposure time from metadata: 932
2025-05-20 14:47:35,603 - Dominant channel: G
2025-05-20 14:47:35,670 - Top 5% mean: 62.12, median: 62.00
2025-05-20 14:47:35,706 - Too dark → Increasing exposure by 100 µs
2025-05-20 14:47:35,707 - Adjusting exposure: 1021 → 1121
2025-05-20 14:47:36,709 - Actual exposure time from metadata: 1021
2025-05-20 14:47:36,746 - Dominant channel: G
2025-05-20 14:47:36,810 - Top 5% mean: 62.31, median: 62.50
2025-05-20 14:47:36,814 - Too dark → Increasing exposure by 103 µs
2025-05-20 14:47:36,814 - Adjusting exposure: 1110 → 1213
2025-05-20 14:47:37,816 - Actual exposure time from metadata: 1110
2025-05-20 14:47:37,882 - Dominant channel: G
2025-05-20 14:47:37,955 - Top 5% mean: 62.55, median: 62.50
2025-05-20 14:47:38,007 - Too dark → Increasing exposure by 111 µs
2025-05-20 14:47:38,008 - Adjusting exposure: 1199 → 1310
2025-05-20 14:47:39,011 - Actual exposure time from metadata: 1199
2025-05-20 14:47:39,059 - Dominant channel: G
2025-05-20 14:47:39,125 - Top 5% mean: 62.63, median: 62.50
2025-05-20 14:47:39,131 - Too dark → Increasing exposure by 120 µs
2025-05-20 14:47:39,132 - Adjusting exposure: 1303 → 1423
2025-05-20 14:47:40,133 - Actual exposure time from metadata: 1303
2025-05-20 14:47:40,210 - Dominant channel: G
2025-05-20 14:47:40,285 - Top 5% mean: 62.97, median: 63.00
2025-05-20 14:47:40,309 - Too dark → Increasing exposure by 131 µs
2025-05-20 14:47:40,310 - Adjusting exposure: 1421 → 1552
2025-05-20 14:47:41,312 - Actual exposure time from metadata: 1421
2025-05-20 14:47:41,344 - Dominant channel: G
2025-05-20 14:47:41,398 - Top 5% mean: 63.10, median: 63.00
2025-05-20 14:47:41,420 - Too dark → Increasing exposure by 142 µs
2025-05-20 14:47:41,421 - Adjusting exposure: 1540 → 1682
2025-05-20 14:47:42,423 - Actual exposure time from metadata: 1540
2025-05-20 14:47:42,524 - Dominant channel: G
2025-05-20 14:47:42,582 - Top 5% mean: 63.30, median: 63.50
2025-05-20 14:47:42,630 - Too dark → Increasing exposure by 155 µs
2025-05-20 14:47:42,630 - Adjusting exposure: 1673 → 1828
2025-05-20 14:47:43,632 - Actual exposure time from metadata: 1673
2025-05-20 14:47:43,663 - Dominant channel: G
2025-05-20 14:47:43,721 - Top 5% mean: 63.61, median: 63.50
2025-05-20 14:47:43,740 - Too dark → Increasing exposure by 168 µs
2025-05-20 14:47:43,741 - Adjusting exposure: 1821 → 1989
2025-05-20 14:47:44,743 - Actual exposure time from metadata: 1821
2025-05-20 14:47:44,817 - Dominant channel: G
2025-05-20 14:47:44,862 - Top 5% mean: 63.89, median: 64.00
2025-05-20 14:47:44,899 - Too dark → Increasing exposure by 183 µs
2025-05-20 14:47:44,900 - Adjusting exposure: 1984 → 2167
2025-05-20 14:47:45,901 - Actual exposure time from metadata: 1984
2025-05-20 14:47:45,904 - Exposure tuning failed, skipping this position.

2025-05-20 14:47:45,905 - Command: Go to detector radial 175°
2025-05-20 14:47:45,909 - Arduino response: Moved RAD to 175.00 degrees.
2025-05-20 14:47:48,972 - Dominant channel: G
2025-05-20 14:47:49,061 - Top 5% mean: 64.14, median: 64.00
2025-05-20 14:47:49,088 - Too dark → Increasing exposure by 200 µs
2025-05-20 14:47:49,089 - Adjusting exposure: 2162 → 2362
2025-05-20 14:47:50,089 - Actual exposure time from metadata: 2162
2025-05-20 14:47:50,148 - Dominant channel: G
2025-05-20 14:47:50,232 - Top 5% mean: 64.59, median: 64.50
2025-05-20 14:47:50,265 - Too dark → Increasing exposure by 218 µs
2025-05-20 14:47:50,267 - Adjusting exposure: 2355 → 2573
2025-05-20 14:47:51,269 - Actual exposure time from metadata: 2355
2025-05-20 14:47:51,330 - Dominant channel: G
2025-05-20 14:47:51,404 - Top 5% mean: 64.87, median: 65.00
2025-05-20 14:47:51,441 - Too dark → Increasing exposure by 237 µs
2025-05-20 14:47:51,444 - Adjusting exposure: 2562 → 2799
2025-05-20 14:47:52,447 - Actual exposure time from metadata: 2562
2025-05-20 14:47:52,519 - Dominant channel: G
2025-05-20 14:47:52,570 - Top 5% mean: 65.25, median: 65.00
2025-05-20 14:47:52,598 - Too dark → Increasing exposure by 257 µs
2025-05-20 14:47:52,599 - Adjusting exposure: 2784 → 3041
2025-05-20 14:47:53,601 - Actual exposure time from metadata: 2784
2025-05-20 14:47:53,631 - Dominant channel: G
2025-05-20 14:47:53,700 - Top 5% mean: 65.75, median: 65.50
2025-05-20 14:47:53,710 - Too dark → Increasing exposure by 280 µs
2025-05-20 14:47:53,712 - Adjusting exposure: 3036 → 3316
2025-05-20 14:47:54,714 - Actual exposure time from metadata: 3036
2025-05-20 14:47:54,779 - Dominant channel: G
2025-05-20 14:47:54,872 - Top 5% mean: 66.21, median: 66.00
2025-05-20 14:47:54,884 - Too dark → Increasing exposure by 305 µs
2025-05-20 14:47:54,885 - Adjusting exposure: 3303 → 3608
2025-05-20 14:47:55,886 - Actual exposure time from metadata: 3303
2025-05-20 14:47:55,917 - Dominant channel: G
2025-05-20 14:47:55,976 - Top 5% mean: 66.69, median: 66.50
2025-05-20 14:47:55,994 - Too dark → Increasing exposure by 332 µs
2025-05-20 14:47:55,995 - Adjusting exposure: 3599 → 3931
2025-05-20 14:47:56,997 - Actual exposure time from metadata: 3599
2025-05-20 14:47:57,059 - Dominant channel: G
2025-05-20 14:47:57,122 - Top 5% mean: 67.28, median: 67.00
2025-05-20 14:47:57,171 - Too dark → Increasing exposure by 362 µs
2025-05-20 14:47:57,172 - Adjusting exposure: 3925 → 4287
2025-05-20 14:47:58,175 - Actual exposure time from metadata: 3925
2025-05-20 14:47:58,228 - Dominant channel: G
2025-05-20 14:47:58,295 - Top 5% mean: 67.99, median: 68.00
2025-05-20 14:47:58,328 - Too dark → Increasing exposure by 394 µs
2025-05-20 14:47:58,329 - Adjusting exposure: 4280 → 4674
2025-05-20 14:47:59,331 - Actual exposure time from metadata: 4280
2025-05-20 14:47:59,392 - Dominant channel: G
2025-05-20 14:47:59,454 - Top 5% mean: 68.62, median: 68.50
2025-05-20 14:47:59,488 - Too dark → Increasing exposure by 429 µs
2025-05-20 14:47:59,489 - Adjusting exposure: 4666 → 5095
2025-05-20 14:48:00,491 - Actual exposure time from metadata: 4666
2025-05-20 14:48:00,494 - Exposure tuning failed, skipping this position.

2025-05-20 14:48:00,495 - Command: Go to detector azimuthal 8°
2025-05-20 14:48:00,496 - Arduino response: OK
2025-05-20 14:48:02,499 - Command: Go to detector radial 8°
2025-05-20 14:48:02,501 - Arduino response: Moved AZ to 175.00 degrees.
2025-05-20 14:48:05,504 - Command: Go to light azimuthal 175°
2025-05-20 14:48:05,506 - Arduino response: OK
2025-05-20 14:48:07,509 - Command: Go to detector azimuthal 8°
2025-05-20 14:48:07,511 - Arduino response: Moved RAD to 8.00 degrees.
2025-05-20 14:48:09,514 - Command: Go to detector radial 8°
2025-05-20 14:48:09,516 - Arduino response: OK
2025-05-20 14:48:12,598 - Dominant channel: G
2025-05-20 14:48:12,668 - Top 5% mean: 69.06, median: 69.00
2025-05-20 14:48:12,671 - Too dark → Increasing exposure by 467 µs
2025-05-20 14:48:12,673 - Adjusting exposure: 5080 → 5547
2025-05-20 14:48:13,674 - Actual exposure time from metadata: 5080
2025-05-20 14:48:13,706 - Dominant channel: G
2025-05-20 14:48:13,761 - Top 5% mean: 69.83, median: 70.00
2025-05-20 14:48:13,785 - Too dark → Increasing exposure by 509 µs
2025-05-20 14:48:13,786 - Adjusting exposure: 5540 → 6049
2025-05-20 14:48:14,788 - Actual exposure time from metadata: 5540
2025-05-20 14:48:14,862 - Dominant channel: G
2025-05-20 14:48:14,913 - Top 5% mean: 70.65, median: 70.50
2025-05-20 14:48:14,923 - Too dark → Increasing exposure by 555 µs
2025-05-20 14:48:14,924 - Adjusting exposure: 6043 → 6598
2025-05-20 14:48:15,926 - Actual exposure time from metadata: 6043
2025-05-20 14:48:15,990 - Dominant channel: G
2025-05-20 14:48:16,042 - Top 5% mean: 71.68, median: 71.50
2025-05-20 14:48:16,053 - Too dark → Increasing exposure by 604 µs
2025-05-20 14:48:16,054 - Adjusting exposure: 6592 → 7196
2025-05-20 14:48:17,056 - Actual exposure time from metadata: 6592
2025-05-20 14:48:17,085 - Dominant channel: G
2025-05-20 14:48:17,156 - Top 5% mean: 72.66, median: 72.50
2025-05-20 14:48:17,161 - Too dark → Increasing exposure by 658 µs
2025-05-20 14:48:17,162 - Adjusting exposure: 7184 → 7842
2025-05-20 14:48:18,164 - Actual exposure time from metadata: 7184
2025-05-20 14:48:18,256 - Dominant channel: G
2025-05-20 14:48:18,328 - Top 5% mean: 73.66, median: 73.50
2025-05-20 14:48:18,375 - Too dark → Increasing exposure by 717 µs
2025-05-20 14:48:18,376 - Adjusting exposure: 7836 → 8553
2025-05-20 14:48:19,378 - Actual exposure time from metadata: 7836
2025-05-20 14:48:19,453 - Dominant channel: G
2025-05-20 14:48:19,509 - Top 5% mean: 74.83, median: 75.00
2025-05-20 14:48:19,517 - Too dark → Increasing exposure by 781 µs
2025-05-20 14:48:19,518 - Adjusting exposure: 8547 → 9328
2025-05-20 14:48:20,519 - Actual exposure time from metadata: 8547
2025-05-20 14:48:20,597 - Dominant channel: G
2025-05-20 14:48:20,649 - Top 5% mean: 76.19, median: 76.00
2025-05-20 14:48:20,675 - Too dark → Increasing exposure by 850 µs
2025-05-20 14:48:20,675 - Adjusting exposure: 9317 → 10167
2025-05-20 14:48:21,677 - Actual exposure time from metadata: 9317
2025-05-20 14:48:21,735 - Dominant channel: G
2025-05-20 14:48:21,798 - Top 5% mean: 77.59, median: 77.50
2025-05-20 14:48:21,831 - Too dark → Increasing exposure by 925 µs
2025-05-20 14:48:21,831 - Adjusting exposure: 10162 → 11087
2025-05-20 14:48:22,833 - Actual exposure time from metadata: 10162
2025-05-20 14:48:22,894 - Dominant channel: G
2025-05-20 14:48:22,954 - Top 5% mean: 79.03, median: 79.00
2025-05-20 14:48:22,958 - Too dark → Increasing exposure by 1007 µs
2025-05-20 14:48:22,960 - Adjusting exposure: 11080 → 12087
2025-05-20 14:48:23,962 - Actual exposure time from metadata: 11080
2025-05-20 14:48:23,968 - Exposure tuning failed, skipping this position.

2025-05-20 14:48:23,970 - Command: Go to detector radial 175°
2025-05-20 14:48:23,974 - Arduino response: Moved RAD to 175.00 degrees.
2025-05-20 14:48:27,038 - Dominant channel: G
2025-05-20 14:48:27,083 - Top 5% mean: 80.64, median: 80.50
2025-05-20 14:48:27,115 - Too dark → Increasing exposure by 1095 µs
2025-05-20 14:48:27,116 - Adjusting exposure: 12073 → 13168
2025-05-20 14:48:28,118 - Actual exposure time from metadata: 12073
2025-05-20 14:48:28,176 - Dominant channel: G
2025-05-20 14:48:28,240 - Top 5% mean: 82.43, median: 82.50
2025-05-20 14:48:28,247 - Too dark → Increasing exposure by 1190 µs
2025-05-20 14:48:28,248 - Adjusting exposure: 13155 → 14345
2025-05-20 14:48:29,250 - Actual exposure time from metadata: 13155
2025-05-20 14:48:29,312 - Dominant channel: G
2025-05-20 14:48:29,412 - Top 5% mean: 84.82, median: 84.50
2025-05-20 14:48:29,419 - Too dark → Increasing exposure by 1294 µs
2025-05-20 14:48:29,420 - Adjusting exposure: 14340 → 15634
2025-05-20 14:48:30,422 - Actual exposure time from metadata: 14340
2025-05-20 14:48:30,479 - Dominant channel: G
2025-05-20 14:48:30,534 - Top 5% mean: 87.01, median: 87.00
2025-05-20 14:48:30,547 - Too dark → Increasing exposure by 1406 µs
2025-05-20 14:48:30,548 - Adjusting exposure: 15629 → 17035
2025-05-20 14:48:31,549 - Actual exposure time from metadata: 15629
2025-05-20 14:48:31,622 - Dominant channel: G
2025-05-20 14:48:31,686 - Top 5% mean: 89.05, median: 89.00
2025-05-20 14:48:31,702 - Too dark → Increasing exposure by 1527 µs
2025-05-20 14:48:31,703 - Adjusting exposure: 17021 → 18548
2025-05-20 14:48:32,704 - Actual exposure time from metadata: 17021
2025-05-20 14:48:32,763 - Dominant channel: G
2025-05-20 14:48:32,820 - Top 5% mean: 91.20, median: 91.00
2025-05-20 14:48:32,842 - Too dark → Increasing exposure by 1658 µs
2025-05-20 14:48:32,843 - Adjusting exposure: 18532 → 20190
2025-05-20 14:48:33,844 - Actual exposure time from metadata: 18532
2025-05-20 14:48:33,915 - Dominant channel: G
2025-05-20 14:48:33,976 - Top 5% mean: 93.83, median: 93.50
2025-05-20 14:48:33,999 - Too dark → Increasing exposure by 1799 µs
2025-05-20 14:48:33,999 - Adjusting exposure: 20177 → 21976
2025-05-20 14:48:35,001 - Actual exposure time from metadata: 20177
2025-05-20 14:48:35,069 - Dominant channel: G
2025-05-20 14:48:35,142 - Top 5% mean: 96.77, median: 96.50
2025-05-20 14:48:35,157 - Too dark → Increasing exposure by 1952 µs
2025-05-20 14:48:35,157 - Adjusting exposure: 21969 → 23921
2025-05-20 14:48:36,158 - Actual exposure time from metadata: 21969
2025-05-20 14:48:36,234 - Dominant channel: G
2025-05-20 14:48:36,282 - Top 5% mean: 99.99, median: 100.00
2025-05-20 14:48:36,315 - Too dark → Increasing exposure by 2116 µs
2025-05-20 14:48:36,316 - Adjusting exposure: 23910 → 26026
2025-05-20 14:48:37,319 - Actual exposure time from metadata: 23910
2025-05-20 14:48:37,375 - Dominant channel: G
2025-05-20 14:48:37,436 - Top 5% mean: 103.45, median: 103.50
2025-05-20 14:48:37,474 - Too dark → Increasing exposure by 2291 µs
2025-05-20 14:48:37,475 - Adjusting exposure: 26014 → 28305
2025-05-20 14:48:38,477 - Actual exposure time from metadata: 26014
2025-05-20 14:48:38,479 - Exposure tuning failed, skipping this position.

2025-05-20 14:48:38,480 - Command: Go to detector azimuthal 175°
2025-05-20 14:48:38,480 - Arduino response: OK
2025-05-20 14:48:40,483 - Skipping blocked configuration at LS(175, 8) ≈ DET(175, 8)

2025-05-20 14:48:40,484 - Command: Go to detector radial 175°
2025-05-20 14:48:40,492 - Arduino response: Moved AZ to 8.00 degrees.
2025-05-20 14:48:43,549 - Dominant channel: G
2025-05-20 14:48:43,606 - Top 5% mean: 107.16, median: 107.00
2025-05-20 14:48:43,640 - Too dark → Increasing exposure by 2480 µs
2025-05-20 14:48:43,641 - Adjusting exposure: 28295 → 30775
2025-05-20 14:48:44,642 - Actual exposure time from metadata: 28295
2025-05-20 14:48:44,707 - Dominant channel: G
2025-05-20 14:48:44,762 - Top 5% mean: 111.23, median: 111.00
2025-05-20 14:48:44,796 - Too dark → Increasing exposure by 2683 µs
2025-05-20 14:48:44,797 - Adjusting exposure: 30769 → 33452
2025-05-20 14:48:45,799 - Actual exposure time from metadata: 30769
2025-05-20 14:48:45,925 - Dominant channel: G
2025-05-20 14:48:45,975 - Top 5% mean: 115.61, median: 115.50
2025-05-20 14:48:46,020 - Too dark → Increasing exposure by 2900 µs
2025-05-20 14:48:46,020 - Adjusting exposure: 33451 → 36351
2025-05-20 14:48:47,022 - Actual exposure time from metadata: 33451
2025-05-20 14:48:47,123 - Dominant channel: G
2025-05-20 14:48:47,172 - Top 5% mean: 120.41, median: 120.00
2025-05-20 14:48:47,241 - Too dark → Increasing exposure by 3130 µs
2025-05-20 14:48:47,241 - Adjusting exposure: 36340 → 39470
2025-05-20 14:48:48,243 - Actual exposure time from metadata: 36340
2025-05-20 14:48:48,274 - Dominant channel: G
2025-05-20 14:48:48,339 - Top 5% mean: 125.80, median: 125.50
2025-05-20 14:48:48,407 - Too dark → Increasing exposure by 3375 µs
2025-05-20 14:48:48,407 - Adjusting exposure: 39466 → 42841
2025-05-20 14:48:49,409 - Actual exposure time from metadata: 39466
2025-05-20 14:48:49,439 - Dominant channel: G
2025-05-20 14:48:49,498 - Top 5% mean: 132.03, median: 132.00
2025-05-20 14:48:49,503 - Too dark → Increasing exposure by 3632 µs
2025-05-20 14:48:49,506 - Adjusting exposure: 42829 → 46461
2025-05-20 14:48:50,509 - Actual exposure time from metadata: 42829
2025-05-20 14:48:50,618 - Dominant channel: G
2025-05-20 14:48:50,668 - Top 5% mean: 137.55, median: 137.50
2025-05-20 14:48:50,690 - Too dark → Increasing exposure by 3910 µs
2025-05-20 14:48:50,691 - Adjusting exposure: 46458 → 50368
2025-05-20 14:48:51,693 - Actual exposure time from metadata: 46458
2025-05-20 14:48:51,807 - Dominant channel: G
2025-05-20 14:48:51,861 - Top 5% mean: 144.13, median: 144.00
2025-05-20 14:48:51,879 - Too dark → Increasing exposure by 4200 µs
2025-05-20 14:48:51,880 - Adjusting exposure: 50355 → 54555
2025-05-20 14:48:52,881 - Actual exposure time from metadata: 50355
2025-05-20 14:48:52,988 - Dominant channel: G
2025-05-20 14:48:53,055 - Top 5% mean: 151.26, median: 151.00
2025-05-20 14:48:53,060 - Too dark → Increasing exposure by 4505 µs
2025-05-20 14:48:53,061 - Adjusting exposure: 54547 → 59052
2025-05-20 14:48:54,063 - Actual exposure time from metadata: 54547
2025-05-20 14:48:54,118 - Dominant channel: G
2025-05-20 14:48:54,178 - Top 5% mean: 158.78, median: 158.50
2025-05-20 14:48:54,208 - Too dark → Increasing exposure by 4826 µs
2025-05-20 14:48:54,209 - Adjusting exposure: 59051 → 63877
2025-05-20 14:48:55,210 - Actual exposure time from metadata: 59051
2025-05-20 14:48:55,212 - Exposure tuning failed, skipping this position.

2025-05-20 14:48:55,213 - Command: Go to detector azimuthal 8°
2025-05-20 14:48:55,214 - Arduino response: OK
2025-05-20 14:48:57,216 - Command: Go to detector radial 8°
2025-05-20 14:48:57,223 - Arduino response: Moved RAD to 8.00 degrees.
2025-05-20 14:49:00,226 - Command: Go to light radial 175°
2025-05-20 14:49:00,228 - Arduino response: OK
2025-05-20 14:49:02,230 - Command: Go to light azimuthal 8°
2025-05-20 14:49:02,232 - Arduino response: Unknown command.
2025-05-20 14:49:04,236 - Command: Go to detector azimuthal 8°
2025-05-20 14:49:04,240 - Arduino response: Moved AZ to 8.00 degrees.
2025-05-20 14:49:06,243 - Command: Go to detector radial 8°
2025-05-20 14:49:06,243 - Arduino response: OK
2025-05-20 14:49:09,290 - Dominant channel: G
2025-05-20 14:49:09,383 - Top 5% mean: 166.77, median: 166.50
2025-05-20 14:49:09,404 - Too dark → Increasing exposure by 5161 µs
2025-05-20 14:49:09,405 - Adjusting exposure: 63866 → 69027
2025-05-20 14:49:10,407 - Actual exposure time from metadata: 63866
2025-05-20 14:49:10,495 - Dominant channel: G
2025-05-20 14:49:10,550 - Top 5% mean: 175.37, median: 175.00
2025-05-20 14:49:10,608 - Too dark → Increasing exposure by 5510 µs
2025-05-20 14:49:10,609 - Adjusting exposure: 69021 → 74531
2025-05-20 14:49:11,610 - Actual exposure time from metadata: 69021
2025-05-20 14:49:11,643 - Dominant channel: G
2025-05-20 14:49:11,707 - Top 5% mean: 184.44, median: 184.00
2025-05-20 14:49:11,769 - Too dark → Increasing exposure by 5871 µs
2025-05-20 14:49:11,770 - Adjusting exposure: 74517 → 80388
2025-05-20 14:49:12,772 - Actual exposure time from metadata: 74517
2025-05-20 14:49:12,902 - Dominant channel: G
2025-05-20 14:49:12,987 - Top 5% mean: 194.52, median: 194.00
2025-05-20 14:49:13,024 - Too dark → Increasing exposure by 6240 µs
2025-05-20 14:49:13,025 - Adjusting exposure: 80384 → 86624
2025-05-20 14:49:14,028 - Actual exposure time from metadata: 80384
2025-05-20 14:49:14,215 - Dominant channel: G
2025-05-20 14:49:14,269 - Top 5% mean: 204.83, median: 204.50
2025-05-20 14:49:14,366 - Too dark → Increasing exposure by 6621 µs
2025-05-20 14:49:14,366 - Adjusting exposure: 86621 → 93242
2025-05-20 14:49:15,368 - Actual exposure time from metadata: 86621
2025-05-20 14:49:15,493 - Dominant channel: G
2025-05-20 14:49:15,546 - Top 5% mean: 215.75, median: 215.50
2025-05-20 14:49:15,635 - Too dark → Increasing exposure by 7009 µs
2025-05-20 14:49:15,636 - Adjusting exposure: 93229 → 100238
2025-05-20 14:49:16,637 - Actual exposure time from metadata: 93229
2025-05-20 14:49:16,816 - Dominant channel: G
2025-05-20 14:49:16,865 - Top 5% mean: 227.43, median: 227.00
2025-05-20 14:49:16,993 - Too dark → Increasing exposure by 7401 µs
2025-05-20 14:49:16,993 - Adjusting exposure: 100236 → 107637
2025-05-20 14:49:17,995 - Actual exposure time from metadata: 100236
2025-05-20 14:49:18,063 - Dominant channel: G
2025-05-20 14:49:18,116 - Top 5% mean: 239.82, median: 239.50
2025-05-20 14:49:18,241 - Too dark → Increasing exposure by 7794 µs
2025-05-20 14:49:18,241 - Adjusting exposure: 107629 → 115423
2025-05-20 14:49:19,243 - Actual exposure time from metadata: 107629
2025-05-20 14:49:19,373 - Dominant channel: G
2025-05-20 14:49:19,427 - Top 5% mean: 252.68, median: 252.50
2025-05-20 14:49:19,580 - Too dark → Increasing exposure by 8187 µs
2025-05-20 14:49:19,581 - Adjusting exposure: 115421 → 123608
2025-05-20 14:49:20,582 - Actual exposure time from metadata: 115421
2025-05-20 14:49:20,791 - Dominant channel: G
2025-05-20 14:49:20,844 - Top 5% mean: 266.50, median: 266.00
2025-05-20 14:49:21,016 - Too dark → Increasing exposure by 8571 µs
2025-05-20 14:49:21,016 - Adjusting exposure: 123599 → 132170
2025-05-20 14:49:22,017 - Actual exposure time from metadata: 123599
2025-05-20 14:49:22,020 - Exposure tuning failed, skipping this position.

2025-05-20 14:49:22,021 - Skipping blocked configuration at LS(8, 175) ≈ DET(8, 175)

2025-05-20 14:49:22,021 - Command: Go to detector azimuthal 175°
2025-05-20 14:49:22,023 - Arduino response: Moved RAD to 8.00 degrees.
2025-05-20 14:49:24,026 - Command: Go to detector radial 8°
2025-05-20 14:49:24,027 - Arduino response: OK
2025-05-20 14:49:27,109 - Dominant channel: G
2025-05-20 14:49:27,163 - Top 5% mean: 280.43, median: 280.00
2025-05-20 14:49:27,310 - Too dark → Increasing exposure by 8953 µs
2025-05-20 14:49:27,311 - Adjusting exposure: 132162 → 141115
2025-05-20 14:49:28,312 - Actual exposure time from metadata: 132162
2025-05-20 14:49:28,411 - Dominant channel: G
2025-05-20 14:49:28,468 - Top 5% mean: 295.32, median: 295.00
2025-05-20 14:49:28,668 - Too dark → Increasing exposure by 9318 µs
2025-05-20 14:49:28,668 - Adjusting exposure: 141110 → 150428
2025-05-20 14:49:29,670 - Actual exposure time from metadata: 141110
2025-05-20 14:49:29,840 - Dominant channel: G
2025-05-20 14:49:29,896 - Top 5% mean: 311.03, median: 310.50
2025-05-20 14:49:30,118 - Too dark → Increasing exposure by 9660 µs
2025-05-20 14:49:30,119 - Adjusting exposure: 150414 → 160074
2025-05-20 14:49:31,120 - Actual exposure time from metadata: 150414
2025-05-20 14:49:31,365 - Dominant channel: G
2025-05-20 14:49:31,419 - Top 5% mean: 326.87, median: 326.50
2025-05-20 14:49:31,660 - Too dark → Increasing exposure by 9988 µs
2025-05-20 14:49:31,661 - Adjusting exposure: 160058 → 170046
2025-05-20 14:49:32,662 - Actual exposure time from metadata: 160058
2025-05-20 14:49:32,985 - Dominant channel: G
2025-05-20 14:49:33,036 - Top 5% mean: 343.52, median: 343.00
2025-05-20 14:49:33,302 - Too dark → Increasing exposure by 10286 µs
2025-05-20 14:49:33,302 - Adjusting exposure: 170043 → 180329
2025-05-20 14:49:34,303 - Actual exposure time from metadata: 170043
2025-05-20 14:49:34,357 - Dominant channel: G
2025-05-20 14:49:34,419 - Top 5% mean: 343.62, median: 343.00
2025-05-20 14:49:34,683 - Too dark → Increasing exposure by 10906 µs
2025-05-20 14:49:34,683 - Adjusting exposure: 180325 → 191231
2025-05-20 14:49:35,685 - Actual exposure time from metadata: 180325
2025-05-20 14:49:35,794 - Dominant channel: G
2025-05-20 14:49:35,847 - Top 5% mean: 360.79, median: 360.50
2025-05-20 14:49:36,148 - Too dark → Increasing exposure by 11188 µs
2025-05-20 14:49:36,148 - Adjusting exposure: 191229 → 202417
2025-05-20 14:49:37,149 - Actual exposure time from metadata: 191229
2025-05-20 14:49:37,319 - Dominant channel: G
2025-05-20 14:49:37,371 - Top 5% mean: 378.87, median: 378.50
2025-05-20 14:49:37,701 - Too dark → Increasing exposure by 11421 µs
2025-05-20 14:49:37,701 - Adjusting exposure: 202414 → 213835
2025-05-20 14:49:38,703 - Actual exposure time from metadata: 202414
2025-05-20 14:49:38,939 - Dominant channel: G
2025-05-20 14:49:38,995 - Top 5% mean: 397.44, median: 397.00
2025-05-20 14:49:39,343 - Too dark → Increasing exposure by 11608 µs
2025-05-20 14:49:39,343 - Adjusting exposure: 213821 → 225429
2025-05-20 14:49:40,345 - Actual exposure time from metadata: 213821
2025-05-20 14:49:40,650 - Dominant channel: G
2025-05-20 14:49:40,705 - Top 5% mean: 416.51, median: 416.00
2025-05-20 14:49:41,077 - Too dark → Increasing exposure by 11743 µs
2025-05-20 14:49:41,078 - Adjusting exposure: 225421 → 237164
2025-05-20 14:49:42,079 - Actual exposure time from metadata: 225421
2025-05-20 14:49:42,081 - Exposure tuning failed, skipping this position.

2025-05-20 14:49:42,082 - Command: Go to detector radial 175°
2025-05-20 14:49:42,083 - Arduino response: Moved RAD to 175.00 degrees.
2025-05-20 14:49:45,302 - Dominant channel: G
2025-05-20 14:49:45,356 - Top 5% mean: 454.92, median: 454.50
2025-05-20 14:49:45,751 - Too dark → Increasing exposure by 11307 µs
2025-05-20 14:49:45,752 - Adjusting exposure: 237155 → 248462
2025-05-20 14:49:46,753 - Actual exposure time from metadata: 237155
2025-05-20 14:49:47,198 - Dominant channel: G
2025-05-20 14:49:47,254 - Top 5% mean: 455.37, median: 455.00
2025-05-20 14:49:47,672 - Too dark → Increasing exposure by 11833 µs
2025-05-20 14:49:47,672 - Adjusting exposure: 248458 → 260291
2025-05-20 14:49:48,673 - Actual exposure time from metadata: 248458
2025-05-20 14:49:49,187 - Dominant channel: G
2025-05-20 14:49:49,242 - Top 5% mean: 474.32, median: 474.00
2025-05-20 14:49:49,683 - Too dark → Increasing exposure by 11829 µs
2025-05-20 14:49:49,684 - Adjusting exposure: 260280 → 272109
2025-05-20 14:49:50,685 - Actual exposure time from metadata: 260280
2025-05-20 14:49:50,796 - Dominant channel: G
2025-05-20 14:49:50,859 - Top 5% mean: 493.54, median: 493.00
2025-05-20 14:49:51,246 - Too dark → Increasing exposure by 11254 µs
2025-05-20 14:49:51,246 - Adjusting exposure: 260280 → 271534
2025-05-20 14:49:52,247 - Actual exposure time from metadata: 260280
2025-05-20 14:49:52,401 - Dominant channel: G
2025-05-20 14:49:52,492 - Top 5% mean: 513.25, median: 512.50
2025-05-20 14:49:52,883 - Too dark → Increasing exposure by 11148 µs
2025-05-20 14:49:52,884 - Adjusting exposure: 272103 → 283251
2025-05-20 14:49:53,886 - Actual exposure time from metadata: 272103
2025-05-20 14:49:53,994 - Dominant channel: G
2025-05-20 14:49:54,050 - Top 5% mean: 512.31, median: 511.50
2025-05-20 14:49:54,509 - Too dark → Increasing exposure by 11154 µs
2025-05-20 14:49:54,510 - Adjusting exposure: 271525 → 282679
2025-05-20 14:49:55,511 - Actual exposure time from metadata: 271525
2025-05-20 14:49:55,681 - Dominant channel: G
2025-05-20 14:49:55,756 - Top 5% mean: 531.53, median: 531.00
2025-05-20 14:49:56,209 - Too dark → Increasing exposure by 11009 µs
2025-05-20 14:49:56,209 - Adjusting exposure: 283243 → 294252
2025-05-20 14:49:57,213 - Actual exposure time from metadata: 283243
2025-05-20 14:49:57,363 - Dominant channel: G
2025-05-20 14:49:57,419 - Top 5% mean: 530.80, median: 530.00
2025-05-20 14:49:57,904 - Too dark → Increasing exposure by 11010 µs
2025-05-20 14:49:57,905 - Adjusting exposure: 282666 → 293676
2025-05-20 14:49:58,906 - Actual exposure time from metadata: 282666
2025-05-20 14:49:59,120 - Dominant channel: G
2025-05-20 14:49:59,183 - Top 5% mean: 549.98, median: 549.50
2025-05-20 14:49:59,673 - Too dark → Increasing exposure by 10813 µs
2025-05-20 14:49:59,674 - Adjusting exposure: 294251 → 305064
2025-05-20 14:50:00,675 - Actual exposure time from metadata: 294251
2025-05-20 14:50:00,870 - Dominant channel: G
2025-05-20 14:50:00,954 - Top 5% mean: 548.80, median: 548.00
2025-05-20 14:50:01,433 - Too dark → Increasing exposure by 10831 µs
2025-05-20 14:50:01,433 - Adjusting exposure: 293673 → 304504
2025-05-20 14:50:02,457 - Actual exposure time from metadata: 293673
2025-05-20 14:50:02,459 - Exposure tuning failed, skipping this position.

2025-05-20 14:50:02,460 - Command: Go to detector azimuthal 8°
2025-05-20 14:50:02,460 - Arduino response: OK
2025-05-20 14:50:04,463 - Command: Go to detector radial 8°
2025-05-20 14:50:04,465 - Arduino response: Moved AZ to 175.00 degrees.
2025-05-20 14:50:07,469 - Command: Go to light azimuthal 175°
2025-05-20 14:50:07,470 - Arduino response: OK
2025-05-20 14:50:09,473 - Command: Go to detector azimuthal 8°
2025-05-20 14:50:09,477 - Arduino response: Moved RAD to 175.00 degrees.
2025-05-20 14:50:11,480 - Command: Go to detector radial 8°
2025-05-20 14:50:11,482 - Arduino response: OK
2025-05-20 14:50:14,898 - Dominant channel: G
2025-05-20 14:50:14,985 - Top 5% mean: 566.53, median: 566.00
2025-05-20 14:50:15,446 - Too dark → Increasing exposure by 10610 µs
2025-05-20 14:50:15,447 - Adjusting exposure: 304503 → 315113
2025-05-20 14:50:16,448 - Actual exposure time from metadata: 304503
2025-05-20 14:50:16,691 - Dominant channel: G
2025-05-20 14:50:16,746 - Top 5% mean: 565.26, median: 564.50
2025-05-20 14:50:17,274 - Too dark → Increasing exposure by 10654 µs
2025-05-20 14:50:17,275 - Adjusting exposure: 304503 → 315157
2025-05-20 14:50:18,276 - Actual exposure time from metadata: 304503
2025-05-20 14:50:18,563 - Dominant channel: G
2025-05-20 14:50:18,616 - Top 5% mean: 583.69, median: 583.00
2025-05-20 14:50:19,165 - Too dark → Increasing exposure by 10357 µs
2025-05-20 14:50:19,166 - Adjusting exposure: 315110 → 325467
2025-05-20 14:50:20,167 - Actual exposure time from metadata: 315110
2025-05-20 14:50:20,472 - Dominant channel: G
2025-05-20 14:50:20,562 - Top 5% mean: 584.78, median: 584.00
2025-05-20 14:50:21,056 - Too dark → Increasing exposure by 10320 µs
2025-05-20 14:50:21,057 - Adjusting exposure: 315155 → 325475
2025-05-20 14:50:22,058 - Actual exposure time from metadata: 315155
2025-05-20 14:50:22,382 - Dominant channel: G
2025-05-20 14:50:22,439 - Top 5% mean: 602.36, median: 601.50
2025-05-20 14:50:23,009 - Too dark → Increasing exposure by 9999 µs
2025-05-20 14:50:23,009 - Adjusting exposure: 325466 → 335465
2025-05-20 14:50:24,011 - Actual exposure time from metadata: 325466
2025-05-20 14:50:24,335 - Dominant channel: G
2025-05-20 14:50:24,389 - Top 5% mean: 600.84, median: 600.00
2025-05-20 14:50:24,962 - Too dark → Increasing exposure by 10056 µs
2025-05-20 14:50:24,963 - Adjusting exposure: 325466 → 335522
2025-05-20 14:50:25,964 - Actual exposure time from metadata: 325466
2025-05-20 14:50:26,328 - Dominant channel: G
2025-05-20 14:50:26,385 - Top 5% mean: 616.57, median: 616.00
2025-05-20 14:50:26,975 - Too dark → Increasing exposure by 9758 µs
2025-05-20 14:50:26,976 - Adjusting exposure: 335451 → 345209
2025-05-20 14:50:27,977 - Actual exposure time from metadata: 335451
2025-05-20 14:50:28,344 - Dominant channel: G
2025-05-20 14:50:28,396 - Top 5% mean: 617.95, median: 617.50
2025-05-20 14:50:28,989 - Too dark → Increasing exposure by 9706 µs
2025-05-20 14:50:28,989 - Adjusting exposure: 335510 → 345216
2025-05-20 14:50:29,990 - Actual exposure time from metadata: 335510
2025-05-20 14:50:30,394 - Dominant channel: G
2025-05-20 14:50:30,452 - Top 5% mean: 635.06, median: 634.50
2025-05-20 14:50:31,060 - Too dark → Increasing exposure by 9307 µs
2025-05-20 14:50:31,061 - Adjusting exposure: 345199 → 354506
2025-05-20 14:50:32,078 - Actual exposure time from metadata: 345199
2025-05-20 14:50:32,467 - Dominant channel: G
2025-05-20 14:50:32,522 - Top 5% mean: 634.58, median: 634.00
2025-05-20 14:50:33,132 - Too dark → Increasing exposure by 9326 µs
2025-05-20 14:50:33,132 - Adjusting exposure: 345214 → 354540
2025-05-20 14:50:34,134 - Actual exposure time from metadata: 345214
2025-05-20 14:50:34,136 - Exposure tuning failed, skipping this position.

2025-05-20 14:50:34,137 - Command: Go to detector radial 175°
2025-05-20 14:50:34,138 - Arduino response: Moved AZ to 8.00 degrees.
2025-05-20 14:50:37,448 - Dominant channel: G
2025-05-20 14:50:37,530 - Top 5% mean: 649.49, median: 649.00
2025-05-20 14:50:38,097 - Too dark → Increasing exposure by 8970 µs
2025-05-20 14:50:38,097 - Adjusting exposure: 354532 → 363502
2025-05-20 14:50:39,099 - Actual exposure time from metadata: 354532
2025-05-20 14:50:39,539 - Dominant channel: G
2025-05-20 14:50:39,597 - Top 5% mean: 655.78, median: 655.00
2025-05-20 14:50:40,224 - Too dark → Increasing exposure by 8714 µs
2025-05-20 14:50:40,224 - Adjusting exposure: 354532 → 363246
2025-05-20 14:50:41,225 - Actual exposure time from metadata: 354532
2025-05-20 14:50:41,703 - Dominant channel: G
2025-05-20 14:50:41,755 - Top 5% mean: 674.00, median: 673.50
2025-05-20 14:50:42,405 - Too dark → Increasing exposure by 8172 µs
2025-05-20 14:50:42,405 - Adjusting exposure: 363495 → 371667
2025-05-20 14:50:43,407 - Actual exposure time from metadata: 363495
2025-05-20 14:50:43,915 - Dominant channel: G
2025-05-20 14:50:43,998 - Top 5% mean: 672.94, median: 672.50
2025-05-20 14:50:44,585 - Too dark → Increasing exposure by 8211 µs
2025-05-20 14:50:44,585 - Adjusting exposure: 363243 → 371454
2025-05-20 14:50:45,587 - Actual exposure time from metadata: 363243
2025-05-20 14:50:46,095 - Dominant channel: G
2025-05-20 14:50:46,151 - Top 5% mean: 686.48, median: 686.00
2025-05-20 14:50:46,815 - Too dark → Increasing exposure by 7822 µs
2025-05-20 14:50:46,816 - Adjusting exposure: 371658 → 379480
2025-05-20 14:50:47,817 - Actual exposure time from metadata: 371658
2025-05-20 14:50:48,325 - Dominant channel: G
2025-05-20 14:50:48,387 - Top 5% mean: 687.62, median: 687.00
2025-05-20 14:50:49,051 - Too dark → Increasing exposure by 7770 µs
2025-05-20 14:50:49,052 - Adjusting exposure: 371451 → 379221
2025-05-20 14:50:50,053 - Actual exposure time from metadata: 371451
2025-05-20 14:50:50,586 - Dominant channel: G
2025-05-20 14:50:50,639 - Top 5% mean: 700.68, median: 700.00
2025-05-20 14:50:51,321 - Too dark → Increasing exposure by 7367 µs
2025-05-20 14:50:51,322 - Adjusting exposure: 379466 → 386833
2025-05-20 14:50:52,323 - Actual exposure time from metadata: 379466
2025-05-20 14:50:52,863 - Dominant channel: G
2025-05-20 14:50:52,918 - Top 5% mean: 700.58, median: 700.00
2025-05-20 14:50:53,597 - Too dark → Increasing exposure by 7367 µs
2025-05-20 14:50:53,597 - Adjusting exposure: 379214 → 386581
2025-05-20 14:50:54,599 - Actual exposure time from metadata: 379214
2025-05-20 14:50:55,181 - Dominant channel: G
2025-05-20 14:50:55,281 - Top 5% mean: 712.59, median: 712.00
2025-05-20 14:50:55,918 - Too dark → Increasing exposure by 6980 µs
2025-05-20 14:50:55,919 - Adjusting exposure: 386829 → 393809
2025-05-20 14:50:56,920 - Actual exposure time from metadata: 386829
2025-05-20 14:50:57,489 - Dominant channel: G
2025-05-20 14:50:57,548 - Top 5% mean: 716.87, median: 716.00
2025-05-20 14:50:58,238 - Too dark → Increasing exposure by 6785 µs
2025-05-20 14:50:58,239 - Adjusting exposure: 386577 → 393362
2025-05-20 14:50:59,240 - Actual exposure time from metadata: 386577
2025-05-20 14:50:59,242 - Exposure tuning failed, skipping this position.

2025-05-20 14:50:59,243 - Command: Go to detector azimuthal 175°
2025-05-20 14:50:59,244 - Arduino response: OK
2025-05-20 14:51:01,246 - Command: Go to detector radial 8°
2025-05-20 14:51:01,251 - Arduino response: Moved RAD to 8.00 degrees.
2025-05-20 14:51:04,599 - Dominant channel: G
2025-05-20 14:51:04,664 - Top 5% mean: 724.47, median: 723.50
2025-05-20 14:51:05,323 - Too dark → Increasing exposure by 6561 µs
2025-05-20 14:51:05,323 - Adjusting exposure: 393347 → 399908
2025-05-20 14:51:06,324 - Actual exposure time from metadata: 393347
2025-05-20 14:51:06,920 - Dominant channel: G
2025-05-20 14:51:06,973 - Top 5% mean: 734.69, median: 734.00
2025-05-20 14:51:07,683 - Too dark → Increasing exposure by 6098 µs
2025-05-20 14:51:07,683 - Adjusting exposure: 393347 → 399445
2025-05-20 14:51:08,685 - Actual exposure time from metadata: 393347
2025-05-20 14:51:09,306 - Dominant channel: G
2025-05-20 14:51:09,359 - Top 5% mean: 744.73, median: 744.00
2025-05-20 14:51:10,087 - Too dark → Increasing exposure by 5738 µs
2025-05-20 14:51:10,087 - Adjusting exposure: 399895 → 405633
2025-05-20 14:51:11,093 - Actual exposure time from metadata: 399895
2025-05-20 14:51:11,734 - Dominant channel: G
2025-05-20 14:51:11,825 - Top 5% mean: 745.60, median: 745.00
2025-05-20 14:51:12,480 - Too dark → Increasing exposure by 5691 µs
2025-05-20 14:51:12,480 - Adjusting exposure: 399436 → 405127
2025-05-20 14:51:13,482 - Actual exposure time from metadata: 399436
2025-05-20 14:51:14,127 - Dominant channel: G
2025-05-20 14:51:14,180 - Top 5% mean: 754.90, median: 754.00
2025-05-20 14:51:14,915 - Too dark → Increasing exposure by 5345 µs
2025-05-20 14:51:14,915 - Adjusting exposure: 405629 → 410974
2025-05-20 14:51:15,917 - Actual exposure time from metadata: 405629
2025-05-20 14:51:16,560 - Dominant channel: G
2025-05-20 14:51:16,621 - Top 5% mean: 747.27, median: 746.50
2025-05-20 14:51:17,353 - Too dark → Increasing exposure by 5695 µs
2025-05-20 14:51:17,354 - Adjusting exposure: 405125 → 410820
2025-05-20 14:51:18,356 - Actual exposure time from metadata: 405125
2025-05-20 14:51:19,013 - Dominant channel: G
2025-05-20 14:51:19,067 - Top 5% mean: 757.58, median: 757.00
2025-05-20 14:51:19,811 - Too dark → Increasing exposure by 5289 µs
2025-05-20 14:51:19,812 - Adjusting exposure: 410962 → 416251
2025-05-20 14:51:20,813 - Actual exposure time from metadata: 410962
2025-05-20 14:51:21,479 - Dominant channel: G
2025-05-20 14:51:21,535 - Top 5% mean: 757.96, median: 757.00
2025-05-20 14:51:22,276 - Too dark → Increasing exposure by 5269 µs
2025-05-20 14:51:22,277 - Adjusting exposure: 410814 → 416083
2025-05-20 14:51:23,278 - Actual exposure time from metadata: 410814
2025-05-20 14:51:24,001 - Dominant channel: G
2025-05-20 14:51:24,096 - Top 5% mean: 766.12, median: 765.50
2025-05-20 14:51:24,774 - Too dark → Increasing exposure by 4949 µs
2025-05-20 14:51:24,775 - Adjusting exposure: 416236 → 421185
2025-05-20 14:51:25,776 - Actual exposure time from metadata: 416236
2025-05-20 14:51:26,463 - Dominant channel: G
2025-05-20 14:51:26,517 - Top 5% mean: 765.33, median: 764.50
2025-05-20 14:51:27,271 - Too dark → Increasing exposure by 4984 µs
2025-05-20 14:51:27,271 - Adjusting exposure: 416073 → 421057
2025-05-20 14:51:28,273 - Actual exposure time from metadata: 416073
2025-05-20 14:51:28,275 - Exposure tuning failed, skipping this position.

2025-05-20 14:51:28,276 - Skipping blocked configuration at LS(175, 175) ≈ DET(175, 175)

2025-05-20 14:51:28,276 - Command: Go to detector azimuthal 8°
2025-05-20 14:51:28,276 - Arduino response: OK
2025-05-20 14:51:30,279 - Command: Go to detector radial 8°
2025-05-20 14:51:30,283 - Arduino response: Unknown command.
2025-05-20 14:51:33,286 - Command: Go to light azimuthal 8°
2025-05-20 14:51:33,288 - Arduino response: Unknown command.
2025-05-20 14:51:35,290 - Command: Go to light radial 8°
2025-05-20 14:51:35,292 - Arduino response: Moved AZ to 8.00 degrees.
2025-05-20 14:51:37,306 - Full measurement complete.

